<?xml version="1.0" encoding="utf-8"?>
<CoverageSession xmlns:xsd="http://www.w3.org/2001/XMLSchema" xmlns:xsi="http://www.w3.org/2001/XMLSchema-instance" Version="4.7.922.0">
  <Summary numSequencePoints="694" visitedSequencePoints="689" numBranchPoints="287" visitedBranchPoints="208" sequenceCoverage="99.28" branchCoverage="72.47" maxCyclomaticComplexity="5" minCyclomaticComplexity="1" maxCrapScore="5" minCrapScore="1" visitedClasses="94" numClasses="95" visitedMethods="133" numMethods="137" />
  <Modules>
    <Module skippedDueTo="Filter" hash="7F-71-9D-12-6D-0E-48-55-8B-C5-1B-3F-06-BA-94-A5-81-90-A6-EE">
      <ModulePath>C:\Program Files\dotnet\shared\Microsoft.NETCore.App\3.1.0\System.Private.CoreLib.dll</ModulePath>
      <ModuleTime>2019-11-14T19:36:38Z</ModuleTime>
      <ModuleName>System.Private.CoreLib</ModuleName>
      <Classes />
    </Module>
    <Module skippedDueTo="Filter" hash="36-0E-E4-4E-2E-97-E3-86-60-3F-33-E7-D2-92-B7-65-A3-64-D5-47">
      <ModulePath>C:\Program Files\dotnet\sdk\3.1.100\dotnet.dll</ModulePath>
      <ModuleTime>2019-11-16T23:43:50Z</ModuleTime>
      <ModuleName>dotnet</ModuleName>
      <Classes />
    </Module>
    <Module skippedDueTo="Filter" hash="49-12-C5-87-33-4E-23-8C-7F-EA-13-AB-94-F2-F2-C8-BC-E8-B8-3A">
      <ModulePath>C:\Program Files\dotnet\shared\Microsoft.NETCore.App\3.1.0\System.Runtime.dll</ModulePath>
      <ModuleTime>2019-11-15T10:20:48Z</ModuleTime>
      <ModuleName>System.Runtime</ModuleName>
      <Classes />
    </Module>
    <Module skippedDueTo="Filter" hash="B3-87-C8-DF-63-C9-BB-4F-D7-51-0A-0F-F6-48-31-E3-7F-8C-E1-62">
      <ModulePath>C:\Program Files\dotnet\sdk\3.1.100\Microsoft.DotNet.Cli.Utils.dll</ModulePath>
      <ModuleTime>2019-11-16T23:43:50Z</ModuleTime>
      <ModuleName>Microsoft.DotNet.Cli.Utils</ModuleName>
      <Classes />
    </Module>
    <Module skippedDueTo="Filter" hash="7B-D1-0E-28-44-7B-D2-F7-BD-49-17-26-D7-60-51-BC-1D-F5-62-8B">
      <ModulePath>C:\Program Files\dotnet\shared\Microsoft.NETCore.App\3.1.0\System.Runtime.Extensions.dll</ModulePath>
      <ModuleTime>2019-11-15T10:21:12Z</ModuleTime>
      <ModuleName>System.Runtime.Extensions</ModuleName>
      <Classes />
    </Module>
    <Module skippedDueTo="Filter" hash="57-6E-F1-C0-98-3A-E8-B3-5E-AA-AA-91-DB-70-6A-7C-F4-BB-AD-B7">
      <ModulePath>C:\Program Files\dotnet\shared\Microsoft.NETCore.App\3.1.0\System.Runtime.Loader.dll</ModulePath>
      <ModuleTime>2019-11-15T10:21:16Z</ModuleTime>
      <ModuleName>System.Runtime.Loader</ModuleName>
      <Classes />
    </Module>
    <Module skippedDueTo="Filter" hash="68-80-C3-18-7A-D1-F5-5A-16-EB-95-BA-F0-EB-77-10-E5-A0-2B-EE">
      <ModulePath>C:\Program Files\dotnet\sdk\3.1.100\Microsoft.DotNet.PlatformAbstractions.dll</ModulePath>
      <ModuleTime>2019-11-16T23:43:16Z</ModuleTime>
      <ModuleName>Microsoft.DotNet.PlatformAbstractions</ModuleName>
      <Classes />
    </Module>
    <Module skippedDueTo="Filter" hash="B1-F5-74-59-D8-23-0A-D6-16-C1-40-37-4E-BB-FF-A7-81-D0-F1-C2">
      <ModulePath>C:\Program Files\dotnet\shared\Microsoft.NETCore.App\3.1.0\netstandard.dll</ModulePath>
      <ModuleTime>2019-11-15T10:21:32Z</ModuleTime>
      <ModuleName>netstandard</ModuleName>
      <Classes />
    </Module>
    <Module skippedDueTo="Filter" hash="E2-15-B8-EE-3B-F5-99-5A-22-F7-5F-5A-17-4B-5B-B3-C6-B4-C8-4C">
      <ModulePath>C:\Program Files\dotnet\shared\Microsoft.NETCore.App\3.1.0\System.Runtime.InteropServices.RuntimeInformation.dll</ModulePath>
      <ModuleTime>2019-11-15T10:21:14Z</ModuleTime>
      <ModuleName>System.Runtime.InteropServices.RuntimeInformation</ModuleName>
      <Classes />
    </Module>
    <Module skippedDueTo="Filter" hash="70-38-36-31-8C-20-B3-BD-CF-D5-F6-44-65-4D-ED-C4-19-DE-27-F1">
      <ModulePath>C:\Program Files\dotnet\shared\Microsoft.NETCore.App\3.1.0\System.IO.FileSystem.dll</ModulePath>
      <ModuleTime>2019-11-15T10:21:36Z</ModuleTime>
      <ModuleName>System.IO.FileSystem</ModuleName>
      <Classes />
    </Module>
    <Module skippedDueTo="Filter" hash="0B-4B-99-5C-19-9C-AC-4F-9D-EA-68-11-C1-31-A5-1D-24-39-87-3C">
      <ModulePath>C:\Program Files\dotnet\shared\Microsoft.NETCore.App\3.1.0\System.Runtime.InteropServices.dll</ModulePath>
      <ModuleTime>2019-11-15T10:21:12Z</ModuleTime>
      <ModuleName>System.Runtime.InteropServices</ModuleName>
      <Classes />
    </Module>
    <Module skippedDueTo="Filter" hash="CE-2D-EF-B9-A3-5D-38-0C-41-51-0B-34-FF-88-90-F9-AE-90-A5-D1">
      <ModulePath>C:\Program Files\dotnet\shared\Microsoft.NETCore.App\3.1.0\System.Memory.dll</ModulePath>
      <ModuleTime>2019-11-15T10:21:36Z</ModuleTime>
      <ModuleName>System.Memory</ModuleName>
      <Classes />
    </Module>
    <Module skippedDueTo="Filter" hash="DB-E8-19-72-5F-E4-E9-25-D6-38-6D-A7-C8-49-E6-22-84-BD-64-B3">
      <ModulePath>C:\Program Files\dotnet\shared\Microsoft.NETCore.App\3.1.0\System.Threading.dll</ModulePath>
      <ModuleTime>2019-11-15T10:21:28Z</ModuleTime>
      <ModuleName>System.Threading</ModuleName>
      <Classes />
    </Module>
    <Module skippedDueTo="Filter" hash="C2-4E-92-80-7F-79-3E-99-13-B1-89-D7-5E-49-64-33-8C-AE-88-0F">
      <ModulePath>C:\Program Files\dotnet\shared\Microsoft.NETCore.App\3.1.0\System.Text.Encoding.CodePages.dll</ModulePath>
      <ModuleTime>2019-11-15T10:21:22Z</ModuleTime>
      <ModuleName>System.Text.Encoding.CodePages</ModuleName>
      <Classes />
    </Module>
    <Module skippedDueTo="Filter" hash="F7-A4-74-6B-25-C2-F4-E3-5B-68-A9-97-CF-BA-14-90-54-FA-2D-90">
      <ModulePath>C:\Program Files\dotnet\shared\Microsoft.NETCore.App\3.1.0\System.Collections.dll</ModulePath>
      <ModuleTime>2019-11-15T10:21:04Z</ModuleTime>
      <ModuleName>System.Collections</ModuleName>
      <Classes />
    </Module>
    <Module skippedDueTo="Filter" hash="3A-60-4C-CA-57-F4-0C-25-2B-81-4A-39-C5-19-41-35-55-3B-59-F0">
      <ModulePath>C:\Program Files\dotnet\shared\Microsoft.NETCore.App\3.1.0\System.Collections.Concurrent.dll</ModulePath>
      <ModuleTime>2019-11-15T10:21:26Z</ModuleTime>
      <ModuleName>System.Collections.Concurrent</ModuleName>
      <Classes />
    </Module>
    <Module skippedDueTo="Filter" hash="C4-8B-A3-2A-C3-94-19-D9-B7-62-DC-EF-BC-29-1D-F8-3D-12-D6-50">
      <ModulePath>C:\Program Files\dotnet\shared\Microsoft.NETCore.App\3.1.0\System.Threading.Thread.dll</ModulePath>
      <ModuleTime>2019-11-15T10:20:28Z</ModuleTime>
      <ModuleName>System.Threading.Thread</ModuleName>
      <Classes />
    </Module>
    <Module skippedDueTo="Filter" hash="95-E4-20-09-70-EC-79-A2-B7-82-A4-BD-18-89-59-4F-21-79-CF-1C">
      <ModulePath>C:\Program Files\dotnet\sdk\3.1.100\Microsoft.DotNet.Configurer.dll</ModulePath>
      <ModuleTime>2019-11-16T23:43:50Z</ModuleTime>
      <ModuleName>Microsoft.DotNet.Configurer</ModuleName>
      <Classes />
    </Module>
    <Module skippedDueTo="Filter" hash="B4-0B-78-89-43-B9-39-05-0B-F6-6F-A5-28-71-A1-27-E3-FA-DE-AA">
      <ModulePath>C:\Program Files\dotnet\sdk\3.1.100\Microsoft.DotNet.Cli.CommandLine.dll</ModulePath>
      <ModuleTime>2019-11-16T23:43:08Z</ModuleTime>
      <ModuleName>Microsoft.DotNet.Cli.CommandLine</ModuleName>
      <Classes />
    </Module>
    <Module skippedDueTo="Filter" hash="4B-C4-0A-79-04-77-B5-67-50-3D-FF-6B-CF-F0-76-0A-5D-32-14-62">
      <ModulePath>C:\Program Files\dotnet\shared\Microsoft.NETCore.App\3.1.0\System.Diagnostics.Process.dll</ModulePath>
      <ModuleTime>2019-11-15T10:21:34Z</ModuleTime>
      <ModuleName>System.Diagnostics.Process</ModuleName>
      <Classes />
    </Module>
    <Module skippedDueTo="Filter" hash="9F-52-6A-C7-A3-EE-C1-7C-94-31-99-D1-7F-25-8E-AE-2C-D0-AD-D5">
      <ModulePath>C:\Program Files\dotnet\sdk\3.1.100\Microsoft.DotNet.InternalAbstractions.dll</ModulePath>
      <ModuleTime>2019-11-16T23:43:06Z</ModuleTime>
      <ModuleName>Microsoft.DotNet.InternalAbstractions</ModuleName>
      <Classes />
    </Module>
    <Module skippedDueTo="Filter" hash="F9-C8-DF-D6-0C-F0-B3-2E-59-36-55-E0-07-DC-34-5C-94-3F-18-F0">
      <ModulePath>C:\Program Files\dotnet\shared\Microsoft.NETCore.App\3.1.0\System.Linq.dll</ModulePath>
      <ModuleTime>2019-11-15T10:21:34Z</ModuleTime>
      <ModuleName>System.Linq</ModuleName>
      <Classes />
    </Module>
    <Module skippedDueTo="Filter" hash="52-D2-72-50-11-71-02-9C-D0-01-F5-79-44-5C-89-2F-0B-B3-10-E3">
      <ModulePath>C:\Program Files\dotnet\sdk\3.1.100\NuGet.Frameworks.dll</ModulePath>
      <ModuleTime>2019-11-16T23:43:26Z</ModuleTime>
      <ModuleName>NuGet.Frameworks</ModuleName>
      <Classes />
    </Module>
    <Module skippedDueTo="Filter" hash="16-21-1D-50-2F-50-98-86-49-AA-80-17-33-C1-71-BC-03-7A-EC-58">
      <ModulePath>C:\Program Files\dotnet\shared\Microsoft.NETCore.App\3.1.0\System.Console.dll</ModulePath>
      <ModuleTime>2019-11-15T10:21:30Z</ModuleTime>
      <ModuleName>System.Console</ModuleName>
      <Classes />
    </Module>
    <Module skippedDueTo="Filter" hash="2A-E5-DE-77-D9-66-8D-2A-84-28-AD-D4-ED-66-60-04-42-05-C8-8A">
      <ModulePath>C:\Program Files\dotnet\shared\Microsoft.NETCore.App\3.1.0\System.Text.Encoding.Extensions.dll</ModulePath>
      <ModuleTime>2019-11-15T10:21:26Z</ModuleTime>
      <ModuleName>System.Text.Encoding.Extensions</ModuleName>
      <Classes />
    </Module>
    <Module skippedDueTo="Filter" hash="E8-D1-76-3F-96-8A-0C-FA-0B-B5-32-FC-B5-64-FD-B2-4F-E8-C6-09">
      <ModulePath>C:\Program Files\dotnet\shared\Microsoft.NETCore.App\3.1.0\System.Runtime.CompilerServices.Unsafe.dll</ModulePath>
      <ModuleTime>2019-11-15T10:20:48Z</ModuleTime>
      <ModuleName>System.Runtime.CompilerServices.Unsafe</ModuleName>
      <Classes />
    </Module>
    <Module skippedDueTo="Filter" hash="C3-D6-C2-F1-65-D1-8E-07-B0-D1-D6-F4-5C-BA-C0-20-C8-16-46-A4">
      <ModulePath>C:\Program Files\dotnet\sdk\3.1.100\Microsoft.ApplicationInsights.dll</ModulePath>
      <ModuleTime>2019-11-16T23:43:08Z</ModuleTime>
      <ModuleName>Microsoft.ApplicationInsights</ModuleName>
      <Classes />
    </Module>
    <Module skippedDueTo="Filter" hash="96-B9-12-56-A8-CB-8F-AC-D3-B9-59-F2-CD-54-B4-6A-DA-34-96-4E">
      <ModulePath>C:\Program Files\dotnet\shared\Microsoft.NETCore.App\3.1.0\System.Security.Cryptography.Algorithms.dll</ModulePath>
      <ModuleTime>2019-11-15T10:21:24Z</ModuleTime>
      <ModuleName>System.Security.Cryptography.Algorithms</ModuleName>
      <Classes />
    </Module>
    <Module skippedDueTo="Filter" hash="59-33-73-C6-C3-46-09-8A-B7-20-B7-73-F2-C6-46-47-3C-7D-86-C1">
      <ModulePath>C:\Program Files\dotnet\shared\Microsoft.NETCore.App\3.1.0\System.Buffers.dll</ModulePath>
      <ModuleTime>2019-11-15T10:21:30Z</ModuleTime>
      <ModuleName>System.Buffers</ModuleName>
      <Classes />
    </Module>
    <Module skippedDueTo="Filter" hash="D6-82-41-E0-7E-14-05-03-09-65-50-FA-1E-4C-8A-A0-C0-A3-8C-78">
      <ModulePath>C:\Program Files\dotnet\shared\Microsoft.NETCore.App\3.1.0\System.Security.Cryptography.Primitives.dll</ModulePath>
      <ModuleTime>2019-11-15T10:20:50Z</ModuleTime>
      <ModuleName>System.Security.Cryptography.Primitives</ModuleName>
      <Classes />
    </Module>
    <Module skippedDueTo="Filter" hash="EE-02-8F-07-2A-4D-97-EF-EA-E3-1F-AD-EB-F0-3A-D9-4F-B2-5C-5D">
      <ModulePath>C:\Program Files\dotnet\shared\Microsoft.NETCore.App\3.1.0\System.Private.Uri.dll</ModulePath>
      <ModuleTime>2019-11-15T10:21:20Z</ModuleTime>
      <ModuleName>System.Private.Uri</ModuleName>
      <Classes />
    </Module>
    <Module skippedDueTo="Filter" hash="66-3D-54-39-BB-D8-3A-62-50-49-E0-2A-F3-05-4C-7A-5F-B3-C2-24">
      <ModulePath>C:\Program Files\dotnet\shared\Microsoft.NETCore.App\3.1.0\System.Reflection.Extensions.dll</ModulePath>
      <ModuleTime>2019-11-15T10:21:14Z</ModuleTime>
      <ModuleName>System.Reflection.Extensions</ModuleName>
      <Classes />
    </Module>
    <Module skippedDueTo="Filter" hash="76-28-7E-65-86-2E-BB-FF-09-32-D5-1D-60-82-DF-B1-A0-39-C8-6A">
      <ModulePath>C:\Program Files\dotnet\sdk\3.1.100\Microsoft.TemplateEngine.Cli.dll</ModulePath>
      <ModuleTime>2019-11-16T23:43:16Z</ModuleTime>
      <ModuleName>Microsoft.TemplateEngine.Cli</ModuleName>
      <Classes />
    </Module>
    <Module skippedDueTo="Filter" hash="10-AF-11-CE-BC-BE-CA-73-BE-5F-2A-0E-86-8D-34-EB-F8-4B-23-55">
      <ModulePath>C:\Program Files\dotnet\shared\Microsoft.NETCore.App\3.1.0\System.Reflection.dll</ModulePath>
      <ModuleTime>2019-11-15T10:20:50Z</ModuleTime>
      <ModuleName>System.Reflection</ModuleName>
      <Classes />
    </Module>
    <Module skippedDueTo="Filter" hash="B2-E8-57-7A-1E-DD-58-C0-96-00-D1-03-DA-13-17-C9-BF-24-83-CB">
      <ModulePath>C:\Program Files\dotnet\shared\Microsoft.NETCore.App\3.1.0\System.Xml.XDocument.dll</ModulePath>
      <ModuleTime>2019-11-15T10:20:28Z</ModuleTime>
      <ModuleName>System.Xml.XDocument</ModuleName>
      <Classes />
    </Module>
    <Module skippedDueTo="Filter" hash="A7-91-39-05-B7-53-29-B4-45-03-B9-B5-EB-9B-6D-53-C6-79-4F-46">
      <ModulePath>C:\Program Files\dotnet\shared\Microsoft.NETCore.App\3.1.0\System.Private.Xml.Linq.dll</ModulePath>
      <ModuleTime>2019-11-15T10:20:46Z</ModuleTime>
      <ModuleName>System.Private.Xml.Linq</ModuleName>
      <Classes />
    </Module>
    <Module skippedDueTo="Filter" hash="9F-EB-5A-A3-E1-B8-F2-53-17-A4-AE-87-AA-8D-FB-88-EC-92-74-EE">
      <ModulePath>C:\Program Files\dotnet\shared\Microsoft.NETCore.App\3.1.0\System.Resources.ResourceManager.dll</ModulePath>
      <ModuleTime>2019-11-15T10:21:18Z</ModuleTime>
      <ModuleName>System.Resources.ResourceManager</ModuleName>
      <Classes />
    </Module>
    <Module skippedDueTo="Filter" hash="33-24-7C-E8-62-B3-75-92-26-3B-4D-DA-02-03-E6-D0-21-57-19-5F">
      <ModulePath>C:\Program Files\dotnet\shared\Microsoft.NETCore.App\3.1.0\System.Private.Xml.dll</ModulePath>
      <ModuleTime>2019-11-15T10:21:14Z</ModuleTime>
      <ModuleName>System.Private.Xml</ModuleName>
      <Classes />
    </Module>
    <Module skippedDueTo="Filter" hash="D1-D5-EB-B3-A4-93-86-59-C8-EC-B3-EF-67-68-E2-E6-C2-EF-65-39">
      <ModulePath>C:\Program Files\dotnet\shared\Microsoft.NETCore.App\3.1.0\System.Text.RegularExpressions.dll</ModulePath>
      <ModuleTime>2019-11-15T10:21:26Z</ModuleTime>
      <ModuleName>System.Text.RegularExpressions</ModuleName>
      <Classes />
    </Module>
    <Module skippedDueTo="Filter" hash="FD-42-93-12-C1-B4-80-E9-F2-62-37-7E-6A-0A-20-96-BD-E7-6C-2F">
      <ModulePath>C:\Program Files\dotnet\shared\Microsoft.NETCore.App\3.1.0\System.Xml.ReaderWriter.dll</ModulePath>
      <ModuleTime>2019-11-15T10:20:28Z</ModuleTime>
      <ModuleName>System.Xml.ReaderWriter</ModuleName>
      <Classes />
    </Module>
    <Module skippedDueTo="Filter" hash="E2-37-79-30-04-1F-A1-43-0D-E5-31-02-12-51-AC-8F-F9-C3-00-51">
      <ModulePath>C:\Program Files\dotnet\shared\Microsoft.NETCore.App\3.1.0\System.Diagnostics.Tracing.dll</ModulePath>
      <ModuleTime>2019-11-15T10:21:34Z</ModuleTime>
      <ModuleName>System.Diagnostics.Tracing</ModuleName>
      <Classes />
    </Module>
    <Module skippedDueTo="Filter" hash="20-86-AB-80-F0-4F-2F-4E-DB-4D-DA-CD-84-E1-61-F5-6A-73-DA-F5">
      <ModulePath>C:\Program Files\dotnet\shared\Microsoft.NETCore.App\3.1.0\System.Threading.Tasks.dll</ModulePath>
      <ModuleTime>2019-11-15T10:21:22Z</ModuleTime>
      <ModuleName>System.Threading.Tasks</ModuleName>
      <Classes />
    </Module>
    <Module skippedDueTo="Filter" hash="17-5C-AD-BF-45-82-44-81-04-23-81-50-64-C6-F5-C6-81-88-01-B4">
      <ModulePath>C:\Program Files\dotnet\shared\Microsoft.NETCore.App\3.1.0\System.Globalization.dll</ModulePath>
      <ModuleTime>2019-11-15T10:21:34Z</ModuleTime>
      <ModuleName>System.Globalization</ModuleName>
      <Classes />
    </Module>
    <Module skippedDueTo="Filter" hash="CD-65-CE-DB-65-5D-87-F5-BE-43-A6-3C-40-E4-C0-54-81-E4-BB-FF">
      <ModulePath>C:\Program Files\dotnet\shared\Microsoft.NETCore.App\3.1.0\System.Reflection.Emit.ILGeneration.dll</ModulePath>
      <ModuleTime>2019-11-15T10:21:18Z</ModuleTime>
      <ModuleName>System.Reflection.Emit.ILGeneration</ModuleName>
      <Classes />
    </Module>
    <Module skippedDueTo="Filter" hash="A7-69-86-13-7F-2A-42-2C-11-C3-22-76-57-7C-B1-C7-66-A6-F5-E4">
      <ModulePath>C:\Program Files\dotnet\shared\Microsoft.NETCore.App\3.1.0\System.Reflection.Emit.Lightweight.dll</ModulePath>
      <ModuleTime>2019-11-15T10:21:16Z</ModuleTime>
      <ModuleName>System.Reflection.Emit.Lightweight</ModuleName>
      <Classes />
    </Module>
    <Module skippedDueTo="Filter" hash="42-7C-F8-EB-2D-3D-A4-F1-8F-43-54-40-98-44-84-CA-23-D3-7D-BB">
      <ModulePath>C:\Program Files\dotnet\shared\Microsoft.NETCore.App\3.1.0\System.Reflection.Primitives.dll</ModulePath>
      <ModuleTime>2019-11-15T10:21:18Z</ModuleTime>
      <ModuleName>System.Reflection.Primitives</ModuleName>
      <Classes />
    </Module>
    <Module skippedDueTo="Filter" hash="0D-AB-DF-78-52-65-D9-0C-F8-54-5E-19-40-99-34-88-5B-B2-1F-13">
      <ModulePath>C:\Program Files\dotnet\sdk\3.1.100\Microsoft.TemplateEngine.Utils.dll</ModulePath>
      <ModuleTime>2019-11-16T23:43:20Z</ModuleTime>
      <ModuleName>Microsoft.TemplateEngine.Utils</ModuleName>
      <Classes />
    </Module>
    <Module skippedDueTo="Filter" hash="3E-F0-72-EB-C0-78-2B-88-E4-B3-44-8A-59-7D-E7-70-39-D8-9E-04">
      <ModulePath>C:\Program Files\dotnet\shared\Microsoft.NETCore.App\3.1.0\Microsoft.Win32.Registry.dll</ModulePath>
      <ModuleTime>2019-11-15T10:21:32Z</ModuleTime>
      <ModuleName>Microsoft.Win32.Registry</ModuleName>
      <Classes />
    </Module>
    <Module skippedDueTo="Filter" hash="48-4C-37-BA-C5-0C-CC-79-91-D4-A0-42-49-EB-B6-19-40-B3-5B-38">
      <ModulePath>C:\Program Files\dotnet\shared\Microsoft.NETCore.App\3.1.0\System.Diagnostics.Tools.dll</ModulePath>
      <ModuleTime>2019-11-15T10:21:36Z</ModuleTime>
      <ModuleName>System.Diagnostics.Tools</ModuleName>
      <Classes />
    </Module>
    <Module skippedDueTo="Filter" hash="AB-9A-97-DD-47-45-F5-8E-CB-D3-A3-05-E9-16-20-9C-66-81-35-3A">
      <ModulePath>C:\Program Files\dotnet\shared\Microsoft.NETCore.App\3.1.0\System.Diagnostics.Debug.dll</ModulePath>
      <ModuleTime>2019-11-15T10:21:32Z</ModuleTime>
      <ModuleName>System.Diagnostics.Debug</ModuleName>
      <Classes />
    </Module>
    <Module skippedDueTo="Filter" hash="3C-96-05-72-87-79-FD-4C-F4-CA-12-2C-6C-61-89-FC-09-BF-A6-7B">
      <ModulePath>C:\Program Files\dotnet\shared\Microsoft.NETCore.App\3.1.0\System.IO.dll</ModulePath>
      <ModuleTime>2019-11-15T10:21:40Z</ModuleTime>
      <ModuleName>System.IO</ModuleName>
      <Classes />
    </Module>
    <Module skippedDueTo="Filter" hash="ED-00-32-54-B9-B0-E1-83-B4-E0-35-BB-46-DC-91-79-05-E3-33-EC">
      <ModulePath>C:\Program Files\dotnet\shared\Microsoft.NETCore.App\3.1.0\System.Text.Encoding.dll</ModulePath>
      <ModuleTime>2019-11-15T10:21:28Z</ModuleTime>
      <ModuleName>System.Text.Encoding</ModuleName>
      <Classes />
    </Module>
    <Module skippedDueTo="Filter" hash="9D-C2-59-D2-CD-3D-1B-06-B9-73-37-69-F9-1F-E6-DB-3E-F2-0E-E9">
      <ModulePath>C:\Program Files\dotnet\shared\Microsoft.NETCore.App\3.1.0\System.IO.Compression.dll</ModulePath>
      <ModuleTime>2019-11-15T10:21:40Z</ModuleTime>
      <ModuleName>System.IO.Compression</ModuleName>
      <Classes />
    </Module>
    <Module skippedDueTo="Filter" hash="AD-35-D4-03-E6-95-D2-CA-68-06-67-DE-5F-79-70-41-22-FD-C0-D3">
      <ModulePath>C:\Program Files\dotnet\shared\Microsoft.NETCore.App\3.1.0\System.Net.Http.dll</ModulePath>
      <ModuleTime>2019-11-15T10:21:36Z</ModuleTime>
      <ModuleName>System.Net.Http</ModuleName>
      <Classes />
    </Module>
    <Module skippedDueTo="Filter" hash="6B-33-C9-9B-35-30-8E-E9-21-2D-6E-FD-C5-4B-2E-48-03-75-AC-B1">
      <ModulePath>C:\Program Files\dotnet\shared\Microsoft.NETCore.App\3.1.0\System.Net.Primitives.dll</ModulePath>
      <ModuleTime>2019-11-15T10:20:50Z</ModuleTime>
      <ModuleName>System.Net.Primitives</ModuleName>
      <Classes />
    </Module>
    <Module skippedDueTo="Filter" hash="61-4C-9D-A5-E8-4D-97-96-75-B3-EA-15-39-AF-A5-CB-E1-2E-DF-07">
      <ModulePath>C:\Program Files\dotnet\shared\Microsoft.NETCore.App\3.1.0\System.Net.Security.dll</ModulePath>
      <ModuleTime>2019-11-15T10:21:12Z</ModuleTime>
      <ModuleName>System.Net.Security</ModuleName>
      <Classes />
    </Module>
    <Module skippedDueTo="Filter" hash="63-6A-5C-84-FB-43-AF-77-15-A9-8E-C4-69-6C-93-32-5D-A5-4D-CB">
      <ModulePath>C:\Program Files\dotnet\shared\Microsoft.NETCore.App\3.1.0\System.Security.Cryptography.X509Certificates.dll</ModulePath>
      <ModuleTime>2019-11-15T10:21:26Z</ModuleTime>
      <ModuleName>System.Security.Cryptography.X509Certificates</ModuleName>
      <Classes />
    </Module>
    <Module skippedDueTo="Filter" hash="66-64-6A-61-B5-FF-AF-21-81-A9-1C-3D-8D-30-15-E8-97-2E-04-D5">
      <ModulePath>C:\Program Files\dotnet\sdk\3.1.100\Microsoft.Build.Framework.dll</ModulePath>
      <ModuleTime>2019-11-16T23:43:10Z</ModuleTime>
      <ModuleName>Microsoft.Build.Framework</ModuleName>
      <Classes />
    </Module>
    <Module skippedDueTo="Filter" hash="AA-54-D5-62-D3-86-20-05-F8-F2-4F-66-C8-0D-2F-6D-4C-51-39-A5">
      <ModulePath>C:\Program Files\dotnet\shared\Microsoft.NETCore.App\3.1.0\System.ComponentModel.Primitives.dll</ModulePath>
      <ModuleTime>2019-11-15T10:21:04Z</ModuleTime>
      <ModuleName>System.ComponentModel.Primitives</ModuleName>
      <Classes />
    </Module>
    <Module skippedDueTo="Filter" hash="1B-FD-D6-F6-9D-9A-8B-0B-19-D9-76-26-62-7F-C1-F8-E8-A5-D5-57">
      <ModulePath>C:\Program Files\dotnet\shared\Microsoft.NETCore.App\3.1.0\System.Collections.NonGeneric.dll</ModulePath>
      <ModuleTime>2019-11-15T10:21:30Z</ModuleTime>
      <ModuleName>System.Collections.NonGeneric</ModuleName>
      <Classes />
    </Module>
    <Module skippedDueTo="Filter" hash="5F-6D-8D-6E-BA-B7-D1-16-B0-B0-0F-56-53-33-1B-1E-CF-A4-59-66">
      <ModulePath>C:\Program Files\dotnet\shared\Microsoft.NETCore.App\3.1.0\Microsoft.Win32.Primitives.dll</ModulePath>
      <ModuleTime>2019-11-15T10:21:26Z</ModuleTime>
      <ModuleName>Microsoft.Win32.Primitives</ModuleName>
      <Classes />
    </Module>
    <Module skippedDueTo="Filter" hash="7F-71-9D-12-6D-0E-48-55-8B-C5-1B-3F-06-BA-94-A5-81-90-A6-EE">
      <ModulePath>C:\Program Files\dotnet\shared\Microsoft.NETCore.App\3.1.0\System.Private.CoreLib.dll</ModulePath>
      <ModuleTime>2019-11-14T19:36:38Z</ModuleTime>
      <ModuleName>System.Private.CoreLib</ModuleName>
      <Classes />
    </Module>
    <Module skippedDueTo="Filter" hash="77-5E-AE-92-18-D1-91-8C-82-6C-71-D1-19-3F-4C-F4-DA-E9-D7-AC">
      <ModulePath>C:\Program Files\dotnet\sdk\3.1.100\MSBuild.dll</ModulePath>
      <ModuleTime>2019-11-16T23:43:02Z</ModuleTime>
      <ModuleName>MSBuild</ModuleName>
      <Classes />
    </Module>
    <Module skippedDueTo="Filter" hash="49-12-C5-87-33-4E-23-8C-7F-EA-13-AB-94-F2-F2-C8-BC-E8-B8-3A">
      <ModulePath>C:\Program Files\dotnet\shared\Microsoft.NETCore.App\3.1.0\System.Runtime.dll</ModulePath>
      <ModuleTime>2019-11-15T10:20:48Z</ModuleTime>
      <ModuleName>System.Runtime</ModuleName>
      <Classes />
    </Module>
    <Module skippedDueTo="Filter" hash="7B-D1-0E-28-44-7B-D2-F7-BD-49-17-26-D7-60-51-BC-1D-F5-62-8B">
      <ModulePath>C:\Program Files\dotnet\shared\Microsoft.NETCore.App\3.1.0\System.Runtime.Extensions.dll</ModulePath>
      <ModuleTime>2019-11-15T10:21:12Z</ModuleTime>
      <ModuleName>System.Runtime.Extensions</ModuleName>
      <Classes />
    </Module>
    <Module skippedDueTo="Filter" hash="DB-E8-19-72-5F-E4-E9-25-D6-38-6D-A7-C8-49-E6-22-84-BD-64-B3">
      <ModulePath>C:\Program Files\dotnet\shared\Microsoft.NETCore.App\3.1.0\System.Threading.dll</ModulePath>
      <ModuleTime>2019-11-15T10:21:28Z</ModuleTime>
      <ModuleName>System.Threading</ModuleName>
      <Classes />
    </Module>
    <Module skippedDueTo="Filter" hash="20-86-AB-80-F0-4F-2F-4E-DB-4D-DA-CD-84-E1-61-F5-6A-73-DA-F5">
      <ModulePath>C:\Program Files\dotnet\shared\Microsoft.NETCore.App\3.1.0\System.Threading.Tasks.dll</ModulePath>
      <ModuleTime>2019-11-15T10:21:22Z</ModuleTime>
      <ModuleName>System.Threading.Tasks</ModuleName>
      <Classes />
    </Module>
    <Module skippedDueTo="Filter" hash="E2-15-B8-EE-3B-F5-99-5A-22-F7-5F-5A-17-4B-5B-B3-C6-B4-C8-4C">
      <ModulePath>C:\Program Files\dotnet\shared\Microsoft.NETCore.App\3.1.0\System.Runtime.InteropServices.RuntimeInformation.dll</ModulePath>
      <ModuleTime>2019-11-15T10:21:14Z</ModuleTime>
      <ModuleName>System.Runtime.InteropServices.RuntimeInformation</ModuleName>
      <Classes />
    </Module>
    <Module skippedDueTo="Filter" hash="4B-C4-0A-79-04-77-B5-67-50-3D-FF-6B-CF-F0-76-0A-5D-32-14-62">
      <ModulePath>C:\Program Files\dotnet\shared\Microsoft.NETCore.App\3.1.0\System.Diagnostics.Process.dll</ModulePath>
      <ModuleTime>2019-11-15T10:21:34Z</ModuleTime>
      <ModuleName>System.Diagnostics.Process</ModuleName>
      <Classes />
    </Module>
    <Module skippedDueTo="Filter" hash="AA-54-D5-62-D3-86-20-05-F8-F2-4F-66-C8-0D-2F-6D-4C-51-39-A5">
      <ModulePath>C:\Program Files\dotnet\shared\Microsoft.NETCore.App\3.1.0\System.ComponentModel.Primitives.dll</ModulePath>
      <ModuleTime>2019-11-15T10:21:04Z</ModuleTime>
      <ModuleName>System.ComponentModel.Primitives</ModuleName>
      <Classes />
    </Module>
    <Module skippedDueTo="Filter" hash="F9-C8-DF-D6-0C-F0-B3-2E-59-36-55-E0-07-DC-34-5C-94-3F-18-F0">
      <ModulePath>C:\Program Files\dotnet\shared\Microsoft.NETCore.App\3.1.0\System.Linq.dll</ModulePath>
      <ModuleTime>2019-11-15T10:21:34Z</ModuleTime>
      <ModuleName>System.Linq</ModuleName>
      <Classes />
    </Module>
    <Module skippedDueTo="Filter" hash="D1-D5-EB-B3-A4-93-86-59-C8-EC-B3-EF-67-68-E2-E6-C2-EF-65-39">
      <ModulePath>C:\Program Files\dotnet\shared\Microsoft.NETCore.App\3.1.0\System.Text.RegularExpressions.dll</ModulePath>
      <ModuleTime>2019-11-15T10:21:26Z</ModuleTime>
      <ModuleName>System.Text.RegularExpressions</ModuleName>
      <Classes />
    </Module>
    <Module skippedDueTo="Filter" hash="F7-A4-74-6B-25-C2-F4-E3-5B-68-A9-97-CF-BA-14-90-54-FA-2D-90">
      <ModulePath>C:\Program Files\dotnet\shared\Microsoft.NETCore.App\3.1.0\System.Collections.dll</ModulePath>
      <ModuleTime>2019-11-15T10:21:04Z</ModuleTime>
      <ModuleName>System.Collections</ModuleName>
      <Classes />
    </Module>
    <Module skippedDueTo="Filter" hash="CE-2D-EF-B9-A3-5D-38-0C-41-51-0B-34-FF-88-90-F9-AE-90-A5-D1">
      <ModulePath>C:\Program Files\dotnet\shared\Microsoft.NETCore.App\3.1.0\System.Memory.dll</ModulePath>
      <ModuleTime>2019-11-15T10:21:36Z</ModuleTime>
      <ModuleName>System.Memory</ModuleName>
      <Classes />
    </Module>
    <Module skippedDueTo="Filter" hash="59-33-73-C6-C3-46-09-8A-B7-20-B7-73-F2-C6-46-47-3C-7D-86-C1">
      <ModulePath>C:\Program Files\dotnet\shared\Microsoft.NETCore.App\3.1.0\System.Buffers.dll</ModulePath>
      <ModuleTime>2019-11-15T10:21:30Z</ModuleTime>
      <ModuleName>System.Buffers</ModuleName>
      <Classes />
    </Module>
    <Module skippedDueTo="Filter" hash="70-38-36-31-8C-20-B3-BD-CF-D5-F6-44-65-4D-ED-C4-19-DE-27-F1">
      <ModulePath>C:\Program Files\dotnet\shared\Microsoft.NETCore.App\3.1.0\System.IO.FileSystem.dll</ModulePath>
      <ModuleTime>2019-11-15T10:21:36Z</ModuleTime>
      <ModuleName>System.IO.FileSystem</ModuleName>
      <Classes />
    </Module>
    <Module skippedDueTo="Filter" hash="0B-4B-99-5C-19-9C-AC-4F-9D-EA-68-11-C1-31-A5-1D-24-39-87-3C">
      <ModulePath>C:\Program Files\dotnet\shared\Microsoft.NETCore.App\3.1.0\System.Runtime.InteropServices.dll</ModulePath>
      <ModuleTime>2019-11-15T10:21:12Z</ModuleTime>
      <ModuleName>System.Runtime.InteropServices</ModuleName>
      <Classes />
    </Module>
    <Module skippedDueTo="Filter" hash="16-21-1D-50-2F-50-98-86-49-AA-80-17-33-C1-71-BC-03-7A-EC-58">
      <ModulePath>C:\Program Files\dotnet\shared\Microsoft.NETCore.App\3.1.0\System.Console.dll</ModulePath>
      <ModuleTime>2019-11-15T10:21:30Z</ModuleTime>
      <ModuleName>System.Console</ModuleName>
      <Classes />
    </Module>
    <Module skippedDueTo="Filter" hash="66-64-6A-61-B5-FF-AF-21-81-A9-1C-3D-8D-30-15-E8-97-2E-04-D5">
      <ModulePath>C:\Program Files\dotnet\sdk\3.1.100\Microsoft.Build.Framework.dll</ModulePath>
      <ModuleTime>2019-11-16T23:43:10Z</ModuleTime>
      <ModuleName>Microsoft.Build.Framework</ModuleName>
      <Classes />
    </Module>
    <Module skippedDueTo="Filter" hash="B1-F5-74-59-D8-23-0A-D6-16-C1-40-37-4E-BB-FF-A7-81-D0-F1-C2">
      <ModulePath>C:\Program Files\dotnet\shared\Microsoft.NETCore.App\3.1.0\netstandard.dll</ModulePath>
      <ModuleTime>2019-11-15T10:21:32Z</ModuleTime>
      <ModuleName>netstandard</ModuleName>
      <Classes />
    </Module>
    <Module skippedDueTo="Filter" hash="C1-7C-73-04-7F-2C-A4-58-6A-68-DF-41-21-FF-EB-2B-0C-7A-91-B8">
      <ModulePath>C:\Program Files\dotnet\sdk\3.1.100\Microsoft.Build.dll</ModulePath>
      <ModuleTime>2019-11-16T23:43:22Z</ModuleTime>
      <ModuleName>Microsoft.Build</ModuleName>
      <Classes />
    </Module>
    <Module skippedDueTo="Filter" hash="AB-9A-97-DD-47-45-F5-8E-CB-D3-A3-05-E9-16-20-9C-66-81-35-3A">
      <ModulePath>C:\Program Files\dotnet\shared\Microsoft.NETCore.App\3.1.0\System.Diagnostics.Debug.dll</ModulePath>
      <ModuleTime>2019-11-15T10:21:32Z</ModuleTime>
      <ModuleName>System.Diagnostics.Debug</ModuleName>
      <Classes />
    </Module>
    <Module skippedDueTo="Filter" hash="C2-4E-92-80-7F-79-3E-99-13-B1-89-D7-5E-49-64-33-8C-AE-88-0F">
      <ModulePath>C:\Program Files\dotnet\shared\Microsoft.NETCore.App\3.1.0\System.Text.Encoding.CodePages.dll</ModulePath>
      <ModuleTime>2019-11-15T10:21:22Z</ModuleTime>
      <ModuleName>System.Text.Encoding.CodePages</ModuleName>
      <Classes />
    </Module>
    <Module skippedDueTo="Filter" hash="3A-60-4C-CA-57-F4-0C-25-2B-81-4A-39-C5-19-41-35-55-3B-59-F0">
      <ModulePath>C:\Program Files\dotnet\shared\Microsoft.NETCore.App\3.1.0\System.Collections.Concurrent.dll</ModulePath>
      <ModuleTime>2019-11-15T10:21:26Z</ModuleTime>
      <ModuleName>System.Collections.Concurrent</ModuleName>
      <Classes />
    </Module>
    <Module skippedDueTo="Filter" hash="36-0E-E4-4E-2E-97-E3-86-60-3F-33-E7-D2-92-B7-65-A3-64-D5-47">
      <ModulePath>C:\Program Files\dotnet\sdk\3.1.100\dotnet.dll</ModulePath>
      <ModuleTime>2019-11-16T23:43:50Z</ModuleTime>
      <ModuleName>dotnet</ModuleName>
      <Classes />
    </Module>
    <Module skippedDueTo="Filter" hash="95-E4-20-09-70-EC-79-A2-B7-82-A4-BD-18-89-59-4F-21-79-CF-1C">
      <ModulePath>C:\Program Files\dotnet\sdk\3.1.100\Microsoft.DotNet.Configurer.dll</ModulePath>
      <ModuleTime>2019-11-16T23:43:50Z</ModuleTime>
      <ModuleName>Microsoft.DotNet.Configurer</ModuleName>
      <Classes />
    </Module>
    <Module skippedDueTo="Filter" hash="9F-52-6A-C7-A3-EE-C1-7C-94-31-99-D1-7F-25-8E-AE-2C-D0-AD-D5">
      <ModulePath>C:\Program Files\dotnet\sdk\3.1.100\Microsoft.DotNet.InternalAbstractions.dll</ModulePath>
      <ModuleTime>2019-11-16T23:43:06Z</ModuleTime>
      <ModuleName>Microsoft.DotNet.InternalAbstractions</ModuleName>
      <Classes />
    </Module>
    <Module skippedDueTo="Filter" hash="B3-87-C8-DF-63-C9-BB-4F-D7-51-0A-0F-F6-48-31-E3-7F-8C-E1-62">
      <ModulePath>C:\Program Files\dotnet\sdk\3.1.100\Microsoft.DotNet.Cli.Utils.dll</ModulePath>
      <ModuleTime>2019-11-16T23:43:50Z</ModuleTime>
      <ModuleName>Microsoft.DotNet.Cli.Utils</ModuleName>
      <Classes />
    </Module>
    <Module skippedDueTo="Filter" hash="2A-E5-DE-77-D9-66-8D-2A-84-28-AD-D4-ED-66-60-04-42-05-C8-8A">
      <ModulePath>C:\Program Files\dotnet\shared\Microsoft.NETCore.App\3.1.0\System.Text.Encoding.Extensions.dll</ModulePath>
      <ModuleTime>2019-11-15T10:21:26Z</ModuleTime>
      <ModuleName>System.Text.Encoding.Extensions</ModuleName>
      <Classes />
    </Module>
    <Module skippedDueTo="Filter" hash="C3-D6-C2-F1-65-D1-8E-07-B0-D1-D6-F4-5C-BA-C0-20-C8-16-46-A4">
      <ModulePath>C:\Program Files\dotnet\sdk\3.1.100\Microsoft.ApplicationInsights.dll</ModulePath>
      <ModuleTime>2019-11-16T23:43:08Z</ModuleTime>
      <ModuleName>Microsoft.ApplicationInsights</ModuleName>
      <Classes />
    </Module>
    <Module skippedDueTo="Filter" hash="68-80-C3-18-7A-D1-F5-5A-16-EB-95-BA-F0-EB-77-10-E5-A0-2B-EE">
      <ModulePath>C:\Program Files\dotnet\sdk\3.1.100\Microsoft.DotNet.PlatformAbstractions.dll</ModulePath>
      <ModuleTime>2019-11-16T23:43:16Z</ModuleTime>
      <ModuleName>Microsoft.DotNet.PlatformAbstractions</ModuleName>
      <Classes />
    </Module>
    <Module skippedDueTo="Filter" hash="E8-D1-76-3F-96-8A-0C-FA-0B-B5-32-FC-B5-64-FD-B2-4F-E8-C6-09">
      <ModulePath>C:\Program Files\dotnet\shared\Microsoft.NETCore.App\3.1.0\System.Runtime.CompilerServices.Unsafe.dll</ModulePath>
      <ModuleTime>2019-11-15T10:20:48Z</ModuleTime>
      <ModuleName>System.Runtime.CompilerServices.Unsafe</ModuleName>
      <Classes />
    </Module>
    <Module skippedDueTo="Filter" hash="EE-02-8F-07-2A-4D-97-EF-EA-E3-1F-AD-EB-F0-3A-D9-4F-B2-5C-5D">
      <ModulePath>C:\Program Files\dotnet\shared\Microsoft.NETCore.App\3.1.0\System.Private.Uri.dll</ModulePath>
      <ModuleTime>2019-11-15T10:21:20Z</ModuleTime>
      <ModuleName>System.Private.Uri</ModuleName>
      <Classes />
    </Module>
    <Module skippedDueTo="Filter" hash="66-3D-54-39-BB-D8-3A-62-50-49-E0-2A-F3-05-4C-7A-5F-B3-C2-24">
      <ModulePath>C:\Program Files\dotnet\shared\Microsoft.NETCore.App\3.1.0\System.Reflection.Extensions.dll</ModulePath>
      <ModuleTime>2019-11-15T10:21:14Z</ModuleTime>
      <ModuleName>System.Reflection.Extensions</ModuleName>
      <Classes />
    </Module>
    <Module skippedDueTo="Filter" hash="10-AF-11-CE-BC-BE-CA-73-BE-5F-2A-0E-86-8D-34-EB-F8-4B-23-55">
      <ModulePath>C:\Program Files\dotnet\shared\Microsoft.NETCore.App\3.1.0\System.Reflection.dll</ModulePath>
      <ModuleTime>2019-11-15T10:20:50Z</ModuleTime>
      <ModuleName>System.Reflection</ModuleName>
      <Classes />
    </Module>
    <Module skippedDueTo="Filter" hash="B2-E8-57-7A-1E-DD-58-C0-96-00-D1-03-DA-13-17-C9-BF-24-83-CB">
      <ModulePath>C:\Program Files\dotnet\shared\Microsoft.NETCore.App\3.1.0\System.Xml.XDocument.dll</ModulePath>
      <ModuleTime>2019-11-15T10:20:28Z</ModuleTime>
      <ModuleName>System.Xml.XDocument</ModuleName>
      <Classes />
    </Module>
    <Module skippedDueTo="Filter" hash="A7-91-39-05-B7-53-29-B4-45-03-B9-B5-EB-9B-6D-53-C6-79-4F-46">
      <ModulePath>C:\Program Files\dotnet\shared\Microsoft.NETCore.App\3.1.0\System.Private.Xml.Linq.dll</ModulePath>
      <ModuleTime>2019-11-15T10:20:46Z</ModuleTime>
      <ModuleName>System.Private.Xml.Linq</ModuleName>
      <Classes />
    </Module>
    <Module skippedDueTo="Filter" hash="C4-8B-A3-2A-C3-94-19-D9-B7-62-DC-EF-BC-29-1D-F8-3D-12-D6-50">
      <ModulePath>C:\Program Files\dotnet\shared\Microsoft.NETCore.App\3.1.0\System.Threading.Thread.dll</ModulePath>
      <ModuleTime>2019-11-15T10:20:28Z</ModuleTime>
      <ModuleName>System.Threading.Thread</ModuleName>
      <Classes />
    </Module>
    <Module skippedDueTo="Filter" hash="33-24-7C-E8-62-B3-75-92-26-3B-4D-DA-02-03-E6-D0-21-57-19-5F">
      <ModulePath>C:\Program Files\dotnet\shared\Microsoft.NETCore.App\3.1.0\System.Private.Xml.dll</ModulePath>
      <ModuleTime>2019-11-15T10:21:14Z</ModuleTime>
      <ModuleName>System.Private.Xml</ModuleName>
      <Classes />
    </Module>
    <Module skippedDueTo="Filter" hash="FD-42-93-12-C1-B4-80-E9-F2-62-37-7E-6A-0A-20-96-BD-E7-6C-2F">
      <ModulePath>C:\Program Files\dotnet\shared\Microsoft.NETCore.App\3.1.0\System.Xml.ReaderWriter.dll</ModulePath>
      <ModuleTime>2019-11-15T10:20:28Z</ModuleTime>
      <ModuleName>System.Xml.ReaderWriter</ModuleName>
      <Classes />
    </Module>
    <Module skippedDueTo="Filter" hash="E2-37-79-30-04-1F-A1-43-0D-E5-31-02-12-51-AC-8F-F9-C3-00-51">
      <ModulePath>C:\Program Files\dotnet\shared\Microsoft.NETCore.App\3.1.0\System.Diagnostics.Tracing.dll</ModulePath>
      <ModuleTime>2019-11-15T10:21:34Z</ModuleTime>
      <ModuleName>System.Diagnostics.Tracing</ModuleName>
      <Classes />
    </Module>
    <Module skippedDueTo="Filter" hash="17-5C-AD-BF-45-82-44-81-04-23-81-50-64-C6-F5-C6-81-88-01-B4">
      <ModulePath>C:\Program Files\dotnet\shared\Microsoft.NETCore.App\3.1.0\System.Globalization.dll</ModulePath>
      <ModuleTime>2019-11-15T10:21:34Z</ModuleTime>
      <ModuleName>System.Globalization</ModuleName>
      <Classes />
    </Module>
    <Module skippedDueTo="Filter" hash="00-B3-C2-BD-1C-DD-65-3A-EF-0F-2D-62-1E-43-43-7A-D3-B8-3C-5C">
      <ModulePath>C:\Program Files\dotnet\shared\Microsoft.NETCore.App\3.1.0\System.Threading.Tasks.Dataflow.dll</ModulePath>
      <ModuleTime>2019-11-15T10:21:22Z</ModuleTime>
      <ModuleName>System.Threading.Tasks.Dataflow</ModuleName>
      <Classes />
    </Module>
    <Module skippedDueTo="Filter" hash="96-B9-12-56-A8-CB-8F-AC-D3-B9-59-F2-CD-54-B4-6A-DA-34-96-4E">
      <ModulePath>C:\Program Files\dotnet\shared\Microsoft.NETCore.App\3.1.0\System.Security.Cryptography.Algorithms.dll</ModulePath>
      <ModuleTime>2019-11-15T10:21:24Z</ModuleTime>
      <ModuleName>System.Security.Cryptography.Algorithms</ModuleName>
      <Classes />
    </Module>
    <Module skippedDueTo="Filter" hash="D6-82-41-E0-7E-14-05-03-09-65-50-FA-1E-4C-8A-A0-C0-A3-8C-78">
      <ModulePath>C:\Program Files\dotnet\shared\Microsoft.NETCore.App\3.1.0\System.Security.Cryptography.Primitives.dll</ModulePath>
      <ModuleTime>2019-11-15T10:20:50Z</ModuleTime>
      <ModuleName>System.Security.Cryptography.Primitives</ModuleName>
      <Classes />
    </Module>
    <Module skippedDueTo="Filter" hash="3E-F0-72-EB-C0-78-2B-88-E4-B3-44-8A-59-7D-E7-70-39-D8-9E-04">
      <ModulePath>C:\Program Files\dotnet\shared\Microsoft.NETCore.App\3.1.0\Microsoft.Win32.Registry.dll</ModulePath>
      <ModuleTime>2019-11-15T10:21:32Z</ModuleTime>
      <ModuleName>Microsoft.Win32.Registry</ModuleName>
      <Classes />
    </Module>
    <Module skippedDueTo="Filter" hash="9F-EB-5A-A3-E1-B8-F2-53-17-A4-AE-87-AA-8D-FB-88-EC-92-74-EE">
      <ModulePath>C:\Program Files\dotnet\shared\Microsoft.NETCore.App\3.1.0\System.Resources.ResourceManager.dll</ModulePath>
      <ModuleTime>2019-11-15T10:21:18Z</ModuleTime>
      <ModuleName>System.Resources.ResourceManager</ModuleName>
      <Classes />
    </Module>
    <Module skippedDueTo="Filter" hash="3B-D3-C4-6D-03-98-0D-D1-14-13-5D-AF-F7-DB-FE-1D-25-FA-36-47">
      <ModulePath>C:\Program Files\dotnet\shared\Microsoft.NETCore.App\3.1.0\System.ObjectModel.dll</ModulePath>
      <ModuleTime>2019-11-15T10:20:50Z</ModuleTime>
      <ModuleName>System.ObjectModel</ModuleName>
      <Classes />
    </Module>
    <Module skippedDueTo="Filter" hash="FE-0F-D3-19-81-CA-5A-65-44-D1-97-FB-21-B0-34-9B-57-FB-62-6F">
      <ModulePath>C:\Program Files\dotnet\shared\Microsoft.NETCore.App\3.1.0\System.Diagnostics.TraceSource.dll</ModulePath>
      <ModuleTime>2019-11-15T10:21:34Z</ModuleTime>
      <ModuleName>System.Diagnostics.TraceSource</ModuleName>
      <Classes />
    </Module>
    <Module skippedDueTo="Filter" hash="82-88-43-50-CB-71-0D-0E-E1-E1-15-3A-50-9C-CB-5C-68-A8-D7-E3">
      <ModulePath>C:\Program Files\dotnet\shared\Microsoft.NETCore.App\3.1.0\System.Collections.Immutable.dll</ModulePath>
      <ModuleTime>2019-11-15T10:21:28Z</ModuleTime>
      <ModuleName>System.Collections.Immutable</ModuleName>
      <Classes />
    </Module>
    <Module skippedDueTo="Filter" hash="57-6E-F1-C0-98-3A-E8-B3-5E-AA-AA-91-DB-70-6A-7C-F4-BB-AD-B7">
      <ModulePath>C:\Program Files\dotnet\shared\Microsoft.NETCore.App\3.1.0\System.Runtime.Loader.dll</ModulePath>
      <ModuleTime>2019-11-15T10:21:16Z</ModuleTime>
      <ModuleName>System.Runtime.Loader</ModuleName>
      <Classes />
    </Module>
    <Module skippedDueTo="Filter" hash="5B-47-E7-B7-E1-B3-CF-F4-EB-FE-FB-62-42-80-6E-07-59-64-F6-D1">
      <ModulePath>C:\Program Files\dotnet\sdk\3.1.100\Microsoft.Build.NuGetSdkResolver.dll</ModulePath>
      <ModuleTime>2019-11-16T23:43:10Z</ModuleTime>
      <ModuleName>Microsoft.Build.NuGetSdkResolver</ModuleName>
      <Classes />
    </Module>
    <Module skippedDueTo="Filter" hash="9A-43-EA-A8-42-49-9A-D3-C8-13-6E-97-C8-EA-5F-BB-94-80-CF-D2">
      <ModulePath>C:\Program Files\dotnet\shared\Microsoft.NETCore.App\3.1.0\System.Diagnostics.FileVersionInfo.dll</ModulePath>
      <ModuleTime>2019-11-15T10:21:28Z</ModuleTime>
      <ModuleName>System.Diagnostics.FileVersionInfo</ModuleName>
      <Classes />
    </Module>
    <Module skippedDueTo="Filter" hash="9A-61-41-7B-22-3F-85-45-DC-51-F7-7C-2B-C2-E9-4D-9E-72-22-7A">
      <ModulePath>C:\Program Files\dotnet\shared\Microsoft.NETCore.App\3.1.0\System.Threading.Tasks.Parallel.dll</ModulePath>
      <ModuleTime>2019-11-15T10:21:20Z</ModuleTime>
      <ModuleName>System.Threading.Tasks.Parallel</ModuleName>
      <Classes />
    </Module>
    <Module skippedDueTo="Filter" hash="B7-C9-8B-42-43-42-4C-BB-AA-4A-B0-51-7B-62-E7-EA-FB-E2-DB-80">
      <ModulePath>C:\Program Files\dotnet\sdk\3.1.100\Microsoft.Build.Utilities.Core.dll</ModulePath>
      <ModuleTime>2019-11-16T23:43:14Z</ModuleTime>
      <ModuleName>Microsoft.Build.Utilities.Core</ModuleName>
      <Classes />
    </Module>
    <Module skippedDueTo="Filter" hash="CD-65-CE-DB-65-5D-87-F5-BE-43-A6-3C-40-E4-C0-54-81-E4-BB-FF">
      <ModulePath>C:\Program Files\dotnet\shared\Microsoft.NETCore.App\3.1.0\System.Reflection.Emit.ILGeneration.dll</ModulePath>
      <ModuleTime>2019-11-15T10:21:18Z</ModuleTime>
      <ModuleName>System.Reflection.Emit.ILGeneration</ModuleName>
      <Classes />
    </Module>
    <Module skippedDueTo="Filter" hash="A7-69-86-13-7F-2A-42-2C-11-C3-22-76-57-7C-B1-C7-66-A6-F5-E4">
      <ModulePath>C:\Program Files\dotnet\shared\Microsoft.NETCore.App\3.1.0\System.Reflection.Emit.Lightweight.dll</ModulePath>
      <ModuleTime>2019-11-15T10:21:16Z</ModuleTime>
      <ModuleName>System.Reflection.Emit.Lightweight</ModuleName>
      <Classes />
    </Module>
    <Module skippedDueTo="Filter" hash="42-7C-F8-EB-2D-3D-A4-F1-8F-43-54-40-98-44-84-CA-23-D3-7D-BB">
      <ModulePath>C:\Program Files\dotnet\shared\Microsoft.NETCore.App\3.1.0\System.Reflection.Primitives.dll</ModulePath>
      <ModuleTime>2019-11-15T10:21:18Z</ModuleTime>
      <ModuleName>System.Reflection.Primitives</ModuleName>
      <Classes />
    </Module>
    <Module skippedDueTo="Filter" hash="0D-5D-A6-D9-79-5E-C4-96-A4-29-40-A1-DD-BC-95-C0-4F-AF-B8-70">
      <ModulePath>C:\Program Files\dotnet\sdk\3.1.100\Microsoft.Build.Tasks.Core.dll</ModulePath>
      <ModuleTime>2019-11-16T23:43:08Z</ModuleTime>
      <ModuleName>Microsoft.Build.Tasks.Core</ModuleName>
      <Classes />
    </Module>
    <Module skippedDueTo="Filter" hash="64-AF-69-54-69-43-FB-48-5F-E3-E0-B9-5F-17-BE-46-9D-E9-74-F4">
      <ModulePath>C:\Program Files\dotnet\shared\Microsoft.NETCore.App\3.1.0\System.Threading.ThreadPool.dll</ModulePath>
      <ModuleTime>2019-11-15T10:20:28Z</ModuleTime>
      <ModuleName>System.Threading.ThreadPool</ModuleName>
      <Classes />
    </Module>
    <Module skippedDueTo="Filter" hash="25-74-3D-BB-0C-AE-C5-D5-A3-17-23-8A-7D-7D-70-0E-33-20-EF-86">
      <ModulePath>C:\Program Files\dotnet\sdk\3.1.100\NuGet.Build.Tasks.dll</ModulePath>
      <ModuleTime>2019-11-16T23:43:30Z</ModuleTime>
      <ModuleName>NuGet.Build.Tasks</ModuleName>
      <Classes />
    </Module>
    <Module skippedDueTo="Filter" hash="2C-14-74-00-E2-8A-E1-A3-07-E5-EC-AD-71-09-82-D5-E9-DF-72-40">
      <ModulePath>C:\Program Files\dotnet\sdk\3.1.100\NuGet.Commands.dll</ModulePath>
      <ModuleTime>2019-11-16T23:43:30Z</ModuleTime>
      <ModuleName>NuGet.Commands</ModuleName>
      <Classes />
    </Module>
    <Module skippedDueTo="Filter" hash="89-ED-8B-69-D3-AF-5A-99-E0-5F-29-5A-6E-11-C5-E6-FF-7F-08-7B">
      <ModulePath>C:\Program Files\dotnet\sdk\3.1.100\NuGet.Common.dll</ModulePath>
      <ModuleTime>2019-11-16T23:43:26Z</ModuleTime>
      <ModuleName>NuGet.Common</ModuleName>
      <Classes />
    </Module>
    <Module skippedDueTo="Filter" hash="1B-FD-D6-F6-9D-9A-8B-0B-19-D9-76-26-62-7F-C1-F8-E8-A5-D5-57">
      <ModulePath>C:\Program Files\dotnet\shared\Microsoft.NETCore.App\3.1.0\System.Collections.NonGeneric.dll</ModulePath>
      <ModuleTime>2019-11-15T10:21:30Z</ModuleTime>
      <ModuleName>System.Collections.NonGeneric</ModuleName>
      <Classes />
    </Module>
    <Module skippedDueTo="Filter" hash="5F-6D-8D-6E-BA-B7-D1-16-B0-B0-0F-56-53-33-1B-1E-CF-A4-59-66">
      <ModulePath>C:\Program Files\dotnet\shared\Microsoft.NETCore.App\3.1.0\Microsoft.Win32.Primitives.dll</ModulePath>
      <ModuleTime>2019-11-15T10:21:26Z</ModuleTime>
      <ModuleName>Microsoft.Win32.Primitives</ModuleName>
      <Classes />
    </Module>
    <Module skippedDueTo="Filter" hash="7D-FD-3E-6A-73-CA-33-A4-84-82-5A-A0-96-9F-92-86-51-7F-8C-A3">
      <ModulePath>C:\Program Files\dotnet\shared\Microsoft.NETCore.App\3.1.0\System.ComponentModel.dll</ModulePath>
      <ModuleTime>2019-11-15T10:21:24Z</ModuleTime>
      <ModuleName>System.ComponentModel</ModuleName>
      <Classes />
    </Module>
    <Module skippedDueTo="Filter" hash="5B-F7-D6-82-00-04-51-C7-59-72-94-B4-C1-C6-D9-58-58-E9-73-86">
      <ModulePath>C:\Program Files\dotnet\sdk\3.1.100\Sdks\Microsoft.NET.Sdk\targets\..\tools\netcoreapp2.1/Microsoft.NET.Build.Tasks.dll</ModulePath>
      <ModuleTime>2019-11-16T23:43:50Z</ModuleTime>
      <ModuleName>Microsoft.NET.Build.Tasks</ModuleName>
      <Classes />
    </Module>
    <Module skippedDueTo="Filter" hash="AD-7A-D1-67-CF-E6-DA-DB-AF-2A-1C-AD-E5-D9-02-7C-39-98-D8-C5">
      <ModulePath>C:\Program Files\dotnet\sdk\3.1.100\NuGet.Configuration.dll</ModulePath>
      <ModuleTime>2019-11-16T23:43:24Z</ModuleTime>
      <ModuleName>NuGet.Configuration</ModuleName>
      <Classes />
    </Module>
    <Module skippedDueTo="Filter" hash="38-CD-82-1E-C4-09-DE-94-24-F4-17-48-47-DA-FC-6A-05-2C-B2-2C">
      <ModulePath>C:\Program Files\dotnet\sdk\3.1.100\NuGet.ProjectModel.dll</ModulePath>
      <ModuleTime>2019-11-16T23:43:50Z</ModuleTime>
      <ModuleName>NuGet.ProjectModel</ModuleName>
      <Classes />
    </Module>
    <Module skippedDueTo="Filter" hash="85-5E-78-42-69-39-36-EC-62-4A-CC-76-2F-19-10-09-B3-10-45-B0">
      <ModulePath>C:\Program Files\dotnet\sdk\3.1.100\NuGet.Versioning.dll</ModulePath>
      <ModuleTime>2019-11-16T23:43:02Z</ModuleTime>
      <ModuleName>NuGet.Versioning</ModuleName>
      <Classes />
    </Module>
    <Module skippedDueTo="Filter" hash="52-D2-72-50-11-71-02-9C-D0-01-F5-79-44-5C-89-2F-0B-B3-10-E3">
      <ModulePath>C:\Program Files\dotnet\sdk\3.1.100\NuGet.Frameworks.dll</ModulePath>
      <ModuleTime>2019-11-16T23:43:26Z</ModuleTime>
      <ModuleName>NuGet.Frameworks</ModuleName>
      <Classes />
    </Module>
    <Module skippedDueTo="Filter" hash="B4-32-A3-20-EB-F1-D4-AD-FA-B5-6F-DB-E7-23-B4-55-FD-B1-B7-6E">
      <ModulePath>C:\Program Files\dotnet\sdk\3.1.100\NuGet.Credentials.dll</ModulePath>
      <ModuleTime>2019-11-16T23:43:50Z</ModuleTime>
      <ModuleName>NuGet.Credentials</ModuleName>
      <Classes />
    </Module>
    <Module skippedDueTo="Filter" hash="D3-60-4C-C9-9D-59-80-C3-A1-D2-11-AA-AD-30-CF-D6-A1-41-8C-6A">
      <ModulePath>C:\Program Files\dotnet\sdk\3.1.100\NuGet.Protocol.dll</ModulePath>
      <ModuleTime>2019-11-16T23:43:22Z</ModuleTime>
      <ModuleName>NuGet.Protocol</ModuleName>
      <Classes />
    </Module>
    <Module skippedDueTo="Filter" hash="48-D2-2C-D4-53-7C-5A-2E-E3-77-84-2D-FC-5E-7A-AC-48-C2-79-DF">
      <ModulePath>C:\Program Files\dotnet\sdk\3.1.100\NuGet.Packaging.dll</ModulePath>
      <ModuleTime>2019-11-16T23:43:28Z</ModuleTime>
      <ModuleName>NuGet.Packaging</ModuleName>
      <Classes />
    </Module>
    <Module skippedDueTo="Filter" hash="4E-B3-75-72-DD-92-6E-55-F2-5B-3C-66-80-8A-5D-C0-A5-BF-9C-EC">
      <ModulePath>C:\Program Files\dotnet\sdk\3.1.100\NuGet.DependencyResolver.Core.dll</ModulePath>
      <ModuleTime>2019-11-16T23:43:30Z</ModuleTime>
      <ModuleName>NuGet.DependencyResolver.Core</ModuleName>
      <Classes />
    </Module>
    <Module skippedDueTo="Filter" hash="2B-21-D3-FC-B8-EB-4B-FE-B3-86-69-F2-A4-DE-32-C8-B3-A7-53-0B">
      <ModulePath>C:\Program Files\dotnet\sdk\3.1.100\Newtonsoft.Json.dll</ModulePath>
      <ModuleTime>2019-11-16T23:42:56Z</ModuleTime>
      <ModuleName>Newtonsoft.Json</ModuleName>
      <Classes />
    </Module>
    <Module skippedDueTo="Filter" hash="BA-23-61-07-44-A9-14-89-33-95-DF-CF-D8-0C-8E-F3-DD-AF-D1-E5">
      <ModulePath>C:\Program Files\dotnet\shared\Microsoft.NETCore.App\3.1.0\System.Linq.Expressions.dll</ModulePath>
      <ModuleTime>2019-11-15T10:21:36Z</ModuleTime>
      <ModuleName>System.Linq.Expressions</ModuleName>
      <Classes />
    </Module>
    <Module skippedDueTo="Filter" hash="A3-2F-BC-4A-1A-0E-50-AE-0C-E8-FF-FD-C9-11-CF-E1-CC-10-15-F6">
      <ModulePath>C:\Program Files\dotnet\shared\Microsoft.NETCore.App\3.1.0\System.ComponentModel.TypeConverter.dll</ModulePath>
      <ModuleTime>2019-11-15T10:21:26Z</ModuleTime>
      <ModuleName>System.ComponentModel.TypeConverter</ModuleName>
      <Classes />
    </Module>
    <Module skippedDueTo="Filter" hash="19-F9-C7-DA-FC-DC-96-4C-C6-32-B7-F6-92-24-95-57-36-53-B4-C4">
      <ModulePath>C:\Program Files\dotnet\sdk\3.1.100\NuGet.LibraryModel.dll</ModulePath>
      <ModuleTime>2019-11-16T23:43:26Z</ModuleTime>
      <ModuleName>NuGet.LibraryModel</ModuleName>
      <Classes />
    </Module>
    <Module skippedDueTo="Filter" hash="81-DA-6F-7E-39-6D-46-F6-C3-BD-88-65-8F-3F-E2-04-DB-7D-7E-F9">
      <ModulePath>C:\Program Files\dotnet\shared\Microsoft.NETCore.App\3.1.0\System.Runtime.Numerics.dll</ModulePath>
      <ModuleTime>2019-11-15T10:21:36Z</ModuleTime>
      <ModuleName>System.Runtime.Numerics</ModuleName>
      <Classes />
    </Module>
    <Module skippedDueTo="Filter" hash="88-BE-DB-99-83-14-87-89-86-45-00-A4-0F-72-21-81-62-EF-A6-DF">
      <ModulePath>C:\Program Files\dotnet\shared\Microsoft.NETCore.App\3.1.0\System.Runtime.Serialization.Formatters.dll</ModulePath>
      <ModuleTime>2019-11-15T10:21:16Z</ModuleTime>
      <ModuleName>System.Runtime.Serialization.Formatters</ModuleName>
      <Classes />
    </Module>
    <Module skippedDueTo="Filter" hash="DF-35-A4-CC-02-A9-F8-1F-D6-C6-AC-CE-75-A3-8B-E4-49-D4-E7-B2">
      <ModulePath>C:\Program Files\dotnet\shared\Microsoft.NETCore.App\3.1.0\System.Runtime.Serialization.Primitives.dll</ModulePath>
      <ModuleTime>2019-11-15T10:21:16Z</ModuleTime>
      <ModuleName>System.Runtime.Serialization.Primitives</ModuleName>
      <Classes />
    </Module>
    <Module skippedDueTo="Filter" hash="15-8F-98-9B-D7-BE-D6-D4-00-F2-8E-95-14-6D-56-57-2D-DD-F0-FF">
      <ModulePath>C:\Program Files\dotnet\sdk\3.1.100\Microsoft.TestPlatform.Build.dll</ModulePath>
      <ModuleTime>2019-11-16T23:43:20Z</ModuleTime>
      <ModuleName>Microsoft.TestPlatform.Build</ModuleName>
      <Classes />
    </Module>
    <Module skippedDueTo="Filter" hash="48-4C-37-BA-C5-0C-CC-79-91-D4-A0-42-49-EB-B6-19-40-B3-5B-38">
      <ModulePath>C:\Program Files\dotnet\shared\Microsoft.NETCore.App\3.1.0\System.Diagnostics.Tools.dll</ModulePath>
      <ModuleTime>2019-11-15T10:21:36Z</ModuleTime>
      <ModuleName>System.Diagnostics.Tools</ModuleName>
      <Classes />
    </Module>
    <Module skippedDueTo="Filter" hash="3C-96-05-72-87-79-FD-4C-F4-CA-12-2C-6C-61-89-FC-09-BF-A6-7B">
      <ModulePath>C:\Program Files\dotnet\shared\Microsoft.NETCore.App\3.1.0\System.IO.dll</ModulePath>
      <ModuleTime>2019-11-15T10:21:40Z</ModuleTime>
      <ModuleName>System.IO</ModuleName>
      <Classes />
    </Module>
    <Module skippedDueTo="Filter" hash="ED-00-32-54-B9-B0-E1-83-B4-E0-35-BB-46-DC-91-79-05-E3-33-EC">
      <ModulePath>C:\Program Files\dotnet\shared\Microsoft.NETCore.App\3.1.0\System.Text.Encoding.dll</ModulePath>
      <ModuleTime>2019-11-15T10:21:28Z</ModuleTime>
      <ModuleName>System.Text.Encoding</ModuleName>
      <Classes />
    </Module>
    <Module skippedDueTo="Filter" hash="9D-C2-59-D2-CD-3D-1B-06-B9-73-37-69-F9-1F-E6-DB-3E-F2-0E-E9">
      <ModulePath>C:\Program Files\dotnet\shared\Microsoft.NETCore.App\3.1.0\System.IO.Compression.dll</ModulePath>
      <ModuleTime>2019-11-15T10:21:40Z</ModuleTime>
      <ModuleName>System.IO.Compression</ModuleName>
      <Classes />
    </Module>
    <Module skippedDueTo="Filter" hash="AD-35-D4-03-E6-95-D2-CA-68-06-67-DE-5F-79-70-41-22-FD-C0-D3">
      <ModulePath>C:\Program Files\dotnet\shared\Microsoft.NETCore.App\3.1.0\System.Net.Http.dll</ModulePath>
      <ModuleTime>2019-11-15T10:21:36Z</ModuleTime>
      <ModuleName>System.Net.Http</ModuleName>
      <Classes />
    </Module>
    <Module skippedDueTo="Filter" hash="6B-33-C9-9B-35-30-8E-E9-21-2D-6E-FD-C5-4B-2E-48-03-75-AC-B1">
      <ModulePath>C:\Program Files\dotnet\shared\Microsoft.NETCore.App\3.1.0\System.Net.Primitives.dll</ModulePath>
      <ModuleTime>2019-11-15T10:20:50Z</ModuleTime>
      <ModuleName>System.Net.Primitives</ModuleName>
      <Classes />
    </Module>
    <Module skippedDueTo="Filter" hash="61-4C-9D-A5-E8-4D-97-96-75-B3-EA-15-39-AF-A5-CB-E1-2E-DF-07">
      <ModulePath>C:\Program Files\dotnet\shared\Microsoft.NETCore.App\3.1.0\System.Net.Security.dll</ModulePath>
      <ModuleTime>2019-11-15T10:21:12Z</ModuleTime>
      <ModuleName>System.Net.Security</ModuleName>
      <Classes />
    </Module>
    <Module skippedDueTo="Filter" hash="63-6A-5C-84-FB-43-AF-77-15-A9-8E-C4-69-6C-93-32-5D-A5-4D-CB">
      <ModulePath>C:\Program Files\dotnet\shared\Microsoft.NETCore.App\3.1.0\System.Security.Cryptography.X509Certificates.dll</ModulePath>
      <ModuleTime>2019-11-15T10:21:26Z</ModuleTime>
      <ModuleName>System.Security.Cryptography.X509Certificates</ModuleName>
      <Classes />
    </Module>
    <Module skippedDueTo="Filter" hash="E8-4E-3A-2C-2E-E3-70-D5-57-92-8F-E4-9B-0F-BF-09-28-FF-5B-F3">
      <ModulePath>C:\Program Files\dotnet\shared\Microsoft.NETCore.App\3.1.0\System.IO.Pipes.dll</ModulePath>
      <ModuleTime>2019-11-15T10:21:42Z</ModuleTime>
      <ModuleName>System.IO.Pipes</ModuleName>
      <Classes />
    </Module>
    <Module skippedDueTo="Filter" hash="73-A5-0F-72-2A-E9-33-CF-49-39-53-8A-65-FD-32-30-D5-40-B2-8B">
      <ModulePath>C:\Program Files\dotnet\shared\Microsoft.NETCore.App\3.1.0\System.Security.Principal.dll</ModulePath>
      <ModuleTime>2019-11-15T10:21:26Z</ModuleTime>
      <ModuleName>System.Security.Principal</ModuleName>
      <Classes />
    </Module>
    <Module skippedDueTo="Filter" hash="7F-71-9D-12-6D-0E-48-55-8B-C5-1B-3F-06-BA-94-A5-81-90-A6-EE">
      <ModulePath>C:\Program Files\dotnet\shared\Microsoft.NETCore.App\3.1.0\System.Private.CoreLib.dll</ModulePath>
      <ModuleTime>2019-11-14T19:36:38Z</ModuleTime>
      <ModuleName>System.Private.CoreLib</ModuleName>
      <Classes />
    </Module>
    <Module skippedDueTo="Filter" hash="77-5E-AE-92-18-D1-91-8C-82-6C-71-D1-19-3F-4C-F4-DA-E9-D7-AC">
      <ModulePath>C:\Program Files\dotnet\sdk\3.1.100\MSBuild.dll</ModulePath>
      <ModuleTime>2019-11-16T23:43:02Z</ModuleTime>
      <ModuleName>MSBuild</ModuleName>
      <Classes />
    </Module>
    <Module skippedDueTo="Filter" hash="49-12-C5-87-33-4E-23-8C-7F-EA-13-AB-94-F2-F2-C8-BC-E8-B8-3A">
      <ModulePath>C:\Program Files\dotnet\shared\Microsoft.NETCore.App\3.1.0\System.Runtime.dll</ModulePath>
      <ModuleTime>2019-11-15T10:20:48Z</ModuleTime>
      <ModuleName>System.Runtime</ModuleName>
      <Classes />
    </Module>
    <Module skippedDueTo="Filter" hash="7B-D1-0E-28-44-7B-D2-F7-BD-49-17-26-D7-60-51-BC-1D-F5-62-8B">
      <ModulePath>C:\Program Files\dotnet\shared\Microsoft.NETCore.App\3.1.0\System.Runtime.Extensions.dll</ModulePath>
      <ModuleTime>2019-11-15T10:21:12Z</ModuleTime>
      <ModuleName>System.Runtime.Extensions</ModuleName>
      <Classes />
    </Module>
    <Module skippedDueTo="Filter" hash="DB-E8-19-72-5F-E4-E9-25-D6-38-6D-A7-C8-49-E6-22-84-BD-64-B3">
      <ModulePath>C:\Program Files\dotnet\shared\Microsoft.NETCore.App\3.1.0\System.Threading.dll</ModulePath>
      <ModuleTime>2019-11-15T10:21:28Z</ModuleTime>
      <ModuleName>System.Threading</ModuleName>
      <Classes />
    </Module>
    <Module skippedDueTo="Filter" hash="20-86-AB-80-F0-4F-2F-4E-DB-4D-DA-CD-84-E1-61-F5-6A-73-DA-F5">
      <ModulePath>C:\Program Files\dotnet\shared\Microsoft.NETCore.App\3.1.0\System.Threading.Tasks.dll</ModulePath>
      <ModuleTime>2019-11-15T10:21:22Z</ModuleTime>
      <ModuleName>System.Threading.Tasks</ModuleName>
      <Classes />
    </Module>
    <Module skippedDueTo="Filter" hash="E2-15-B8-EE-3B-F5-99-5A-22-F7-5F-5A-17-4B-5B-B3-C6-B4-C8-4C">
      <ModulePath>C:\Program Files\dotnet\shared\Microsoft.NETCore.App\3.1.0\System.Runtime.InteropServices.RuntimeInformation.dll</ModulePath>
      <ModuleTime>2019-11-15T10:21:14Z</ModuleTime>
      <ModuleName>System.Runtime.InteropServices.RuntimeInformation</ModuleName>
      <Classes />
    </Module>
    <Module skippedDueTo="Filter" hash="4B-C4-0A-79-04-77-B5-67-50-3D-FF-6B-CF-F0-76-0A-5D-32-14-62">
      <ModulePath>C:\Program Files\dotnet\shared\Microsoft.NETCore.App\3.1.0\System.Diagnostics.Process.dll</ModulePath>
      <ModuleTime>2019-11-15T10:21:34Z</ModuleTime>
      <ModuleName>System.Diagnostics.Process</ModuleName>
      <Classes />
    </Module>
    <Module skippedDueTo="Filter" hash="AA-54-D5-62-D3-86-20-05-F8-F2-4F-66-C8-0D-2F-6D-4C-51-39-A5">
      <ModulePath>C:\Program Files\dotnet\shared\Microsoft.NETCore.App\3.1.0\System.ComponentModel.Primitives.dll</ModulePath>
      <ModuleTime>2019-11-15T10:21:04Z</ModuleTime>
      <ModuleName>System.ComponentModel.Primitives</ModuleName>
      <Classes />
    </Module>
    <Module skippedDueTo="Filter" hash="F9-C8-DF-D6-0C-F0-B3-2E-59-36-55-E0-07-DC-34-5C-94-3F-18-F0">
      <ModulePath>C:\Program Files\dotnet\shared\Microsoft.NETCore.App\3.1.0\System.Linq.dll</ModulePath>
      <ModuleTime>2019-11-15T10:21:34Z</ModuleTime>
      <ModuleName>System.Linq</ModuleName>
      <Classes />
    </Module>
    <Module skippedDueTo="Filter" hash="D1-D5-EB-B3-A4-93-86-59-C8-EC-B3-EF-67-68-E2-E6-C2-EF-65-39">
      <ModulePath>C:\Program Files\dotnet\shared\Microsoft.NETCore.App\3.1.0\System.Text.RegularExpressions.dll</ModulePath>
      <ModuleTime>2019-11-15T10:21:26Z</ModuleTime>
      <ModuleName>System.Text.RegularExpressions</ModuleName>
      <Classes />
    </Module>
    <Module skippedDueTo="Filter" hash="F7-A4-74-6B-25-C2-F4-E3-5B-68-A9-97-CF-BA-14-90-54-FA-2D-90">
      <ModulePath>C:\Program Files\dotnet\shared\Microsoft.NETCore.App\3.1.0\System.Collections.dll</ModulePath>
      <ModuleTime>2019-11-15T10:21:04Z</ModuleTime>
      <ModuleName>System.Collections</ModuleName>
      <Classes />
    </Module>
    <Module skippedDueTo="Filter" hash="CE-2D-EF-B9-A3-5D-38-0C-41-51-0B-34-FF-88-90-F9-AE-90-A5-D1">
      <ModulePath>C:\Program Files\dotnet\shared\Microsoft.NETCore.App\3.1.0\System.Memory.dll</ModulePath>
      <ModuleTime>2019-11-15T10:21:36Z</ModuleTime>
      <ModuleName>System.Memory</ModuleName>
      <Classes />
    </Module>
    <Module skippedDueTo="Filter" hash="59-33-73-C6-C3-46-09-8A-B7-20-B7-73-F2-C6-46-47-3C-7D-86-C1">
      <ModulePath>C:\Program Files\dotnet\shared\Microsoft.NETCore.App\3.1.0\System.Buffers.dll</ModulePath>
      <ModuleTime>2019-11-15T10:21:30Z</ModuleTime>
      <ModuleName>System.Buffers</ModuleName>
      <Classes />
    </Module>
    <Module skippedDueTo="Filter" hash="70-38-36-31-8C-20-B3-BD-CF-D5-F6-44-65-4D-ED-C4-19-DE-27-F1">
      <ModulePath>C:\Program Files\dotnet\shared\Microsoft.NETCore.App\3.1.0\System.IO.FileSystem.dll</ModulePath>
      <ModuleTime>2019-11-15T10:21:36Z</ModuleTime>
      <ModuleName>System.IO.FileSystem</ModuleName>
      <Classes />
    </Module>
    <Module skippedDueTo="Filter" hash="0B-4B-99-5C-19-9C-AC-4F-9D-EA-68-11-C1-31-A5-1D-24-39-87-3C">
      <ModulePath>C:\Program Files\dotnet\shared\Microsoft.NETCore.App\3.1.0\System.Runtime.InteropServices.dll</ModulePath>
      <ModuleTime>2019-11-15T10:21:12Z</ModuleTime>
      <ModuleName>System.Runtime.InteropServices</ModuleName>
      <Classes />
    </Module>
    <Module skippedDueTo="Filter" hash="16-21-1D-50-2F-50-98-86-49-AA-80-17-33-C1-71-BC-03-7A-EC-58">
      <ModulePath>C:\Program Files\dotnet\shared\Microsoft.NETCore.App\3.1.0\System.Console.dll</ModulePath>
      <ModuleTime>2019-11-15T10:21:30Z</ModuleTime>
      <ModuleName>System.Console</ModuleName>
      <Classes />
    </Module>
    <Module skippedDueTo="Filter" hash="66-64-6A-61-B5-FF-AF-21-81-A9-1C-3D-8D-30-15-E8-97-2E-04-D5">
      <ModulePath>C:\Program Files\dotnet\sdk\3.1.100\Microsoft.Build.Framework.dll</ModulePath>
      <ModuleTime>2019-11-16T23:43:10Z</ModuleTime>
      <ModuleName>Microsoft.Build.Framework</ModuleName>
      <Classes />
    </Module>
    <Module skippedDueTo="Filter" hash="B1-F5-74-59-D8-23-0A-D6-16-C1-40-37-4E-BB-FF-A7-81-D0-F1-C2">
      <ModulePath>C:\Program Files\dotnet\shared\Microsoft.NETCore.App\3.1.0\netstandard.dll</ModulePath>
      <ModuleTime>2019-11-15T10:21:32Z</ModuleTime>
      <ModuleName>netstandard</ModuleName>
      <Classes />
    </Module>
    <Module skippedDueTo="Filter" hash="C1-7C-73-04-7F-2C-A4-58-6A-68-DF-41-21-FF-EB-2B-0C-7A-91-B8">
      <ModulePath>C:\Program Files\dotnet\sdk\3.1.100\Microsoft.Build.dll</ModulePath>
      <ModuleTime>2019-11-16T23:43:22Z</ModuleTime>
      <ModuleName>Microsoft.Build</ModuleName>
      <Classes />
    </Module>
    <Module skippedDueTo="Filter" hash="AB-9A-97-DD-47-45-F5-8E-CB-D3-A3-05-E9-16-20-9C-66-81-35-3A">
      <ModulePath>C:\Program Files\dotnet\shared\Microsoft.NETCore.App\3.1.0\System.Diagnostics.Debug.dll</ModulePath>
      <ModuleTime>2019-11-15T10:21:32Z</ModuleTime>
      <ModuleName>System.Diagnostics.Debug</ModuleName>
      <Classes />
    </Module>
    <Module skippedDueTo="Filter" hash="C2-4E-92-80-7F-79-3E-99-13-B1-89-D7-5E-49-64-33-8C-AE-88-0F">
      <ModulePath>C:\Program Files\dotnet\shared\Microsoft.NETCore.App\3.1.0\System.Text.Encoding.CodePages.dll</ModulePath>
      <ModuleTime>2019-11-15T10:21:22Z</ModuleTime>
      <ModuleName>System.Text.Encoding.CodePages</ModuleName>
      <Classes />
    </Module>
    <Module skippedDueTo="Filter" hash="3A-60-4C-CA-57-F4-0C-25-2B-81-4A-39-C5-19-41-35-55-3B-59-F0">
      <ModulePath>C:\Program Files\dotnet\shared\Microsoft.NETCore.App\3.1.0\System.Collections.Concurrent.dll</ModulePath>
      <ModuleTime>2019-11-15T10:21:26Z</ModuleTime>
      <ModuleName>System.Collections.Concurrent</ModuleName>
      <Classes />
    </Module>
    <Module skippedDueTo="Filter" hash="E8-4E-3A-2C-2E-E3-70-D5-57-92-8F-E4-9B-0F-BF-09-28-FF-5B-F3">
      <ModulePath>C:\Program Files\dotnet\shared\Microsoft.NETCore.App\3.1.0\System.IO.Pipes.dll</ModulePath>
      <ModuleTime>2019-11-15T10:21:42Z</ModuleTime>
      <ModuleName>System.IO.Pipes</ModuleName>
      <Classes />
    </Module>
    <Module skippedDueTo="Filter" hash="2A-E5-DE-77-D9-66-8D-2A-84-28-AD-D4-ED-66-60-04-42-05-C8-8A">
      <ModulePath>C:\Program Files\dotnet\shared\Microsoft.NETCore.App\3.1.0\System.Text.Encoding.Extensions.dll</ModulePath>
      <ModuleTime>2019-11-15T10:21:26Z</ModuleTime>
      <ModuleName>System.Text.Encoding.Extensions</ModuleName>
      <Classes />
    </Module>
    <Module skippedDueTo="Filter" hash="58-5C-D4-C8-14-EC-96-0C-1F-B7-45-EF-40-7C-B1-39-EE-27-75-38">
      <ModulePath>C:\Program Files\dotnet\shared\Microsoft.NETCore.App\3.1.0\System.Security.AccessControl.dll</ModulePath>
      <ModuleTime>2019-11-15T10:21:20Z</ModuleTime>
      <ModuleName>System.Security.AccessControl</ModuleName>
      <Classes />
    </Module>
    <Module skippedDueTo="Filter" hash="CE-39-56-9A-7E-5A-E7-DF-EA-A5-9D-87-BF-5D-8D-2F-9E-8F-42-B9">
      <ModulePath>C:\Program Files\dotnet\shared\Microsoft.NETCore.App\3.1.0\System.Security.Principal.Windows.dll</ModulePath>
      <ModuleTime>2019-11-15T10:21:28Z</ModuleTime>
      <ModuleName>System.Security.Principal.Windows</ModuleName>
      <Classes />
    </Module>
    <Module skippedDueTo="Filter" hash="DD-C7-12-87-FC-D4-C6-D2-90-96-0A-11-C9-CC-8C-A4-E9-F9-9E-35">
      <ModulePath>C:\Program Files\dotnet\shared\Microsoft.NETCore.App\3.1.0\System.Security.Claims.dll</ModulePath>
      <ModuleTime>2019-11-15T10:21:26Z</ModuleTime>
      <ModuleName>System.Security.Claims</ModuleName>
      <Classes />
    </Module>
    <Module skippedDueTo="Filter" hash="73-A5-0F-72-2A-E9-33-CF-49-39-53-8A-65-FD-32-30-D5-40-B2-8B">
      <ModulePath>C:\Program Files\dotnet\shared\Microsoft.NETCore.App\3.1.0\System.Security.Principal.dll</ModulePath>
      <ModuleTime>2019-11-15T10:21:26Z</ModuleTime>
      <ModuleName>System.Security.Principal</ModuleName>
      <Classes />
    </Module>
    <Module skippedDueTo="Filter" hash="1A-F8-0D-8F-56-8A-43-8C-0C-95-03-9B-C8-B9-A7-BC-3B-9D-64-F8">
      <ModulePath>C:\Program Files\dotnet\shared\Microsoft.NETCore.App\3.1.0\System.Threading.Overlapped.dll</ModulePath>
      <ModuleTime>2019-11-15T10:21:28Z</ModuleTime>
      <ModuleName>System.Threading.Overlapped</ModuleName>
      <Classes />
    </Module>
    <Module skippedDueTo="Filter" hash="1A-F8-0D-8F-56-8A-43-8C-0C-95-03-9B-C8-B9-A7-BC-3B-9D-64-F8">
      <ModulePath>C:\Program Files\dotnet\shared\Microsoft.NETCore.App\3.1.0\System.Threading.Overlapped.dll</ModulePath>
      <ModuleTime>2019-11-15T10:21:28Z</ModuleTime>
      <ModuleName>System.Threading.Overlapped</ModuleName>
      <Classes />
    </Module>
    <Module skippedDueTo="Filter" hash="C4-8B-A3-2A-C3-94-19-D9-B7-62-DC-EF-BC-29-1D-F8-3D-12-D6-50">
      <ModulePath>C:\Program Files\dotnet\shared\Microsoft.NETCore.App\3.1.0\System.Threading.Thread.dll</ModulePath>
      <ModuleTime>2019-11-15T10:20:28Z</ModuleTime>
      <ModuleName>System.Threading.Thread</ModuleName>
      <Classes />
    </Module>
    <Module skippedDueTo="Filter" hash="58-5C-D4-C8-14-EC-96-0C-1F-B7-45-EF-40-7C-B1-39-EE-27-75-38">
      <ModulePath>C:\Program Files\dotnet\shared\Microsoft.NETCore.App\3.1.0\System.Security.AccessControl.dll</ModulePath>
      <ModuleTime>2019-11-15T10:21:20Z</ModuleTime>
      <ModuleName>System.Security.AccessControl</ModuleName>
      <Classes />
    </Module>
    <Module skippedDueTo="Filter" hash="CE-39-56-9A-7E-5A-E7-DF-EA-A5-9D-87-BF-5D-8D-2F-9E-8F-42-B9">
      <ModulePath>C:\Program Files\dotnet\shared\Microsoft.NETCore.App\3.1.0\System.Security.Principal.Windows.dll</ModulePath>
      <ModuleTime>2019-11-15T10:21:28Z</ModuleTime>
      <ModuleName>System.Security.Principal.Windows</ModuleName>
      <Classes />
    </Module>
    <Module skippedDueTo="Filter" hash="DD-C7-12-87-FC-D4-C6-D2-90-96-0A-11-C9-CC-8C-A4-E9-F9-9E-35">
      <ModulePath>C:\Program Files\dotnet\shared\Microsoft.NETCore.App\3.1.0\System.Security.Claims.dll</ModulePath>
      <ModuleTime>2019-11-15T10:21:26Z</ModuleTime>
      <ModuleName>System.Security.Claims</ModuleName>
      <Classes />
    </Module>
    <Module skippedDueTo="Filter" hash="24-F9-A7-B3-BF-78-B8-79-B4-B2-70-A5-75-CE-13-37-91-9D-4F-B3">
      <ModulePath>C:\Program Files\dotnet\shared\Microsoft.NETCore.App\3.1.0\System.Net.Requests.dll</ModulePath>
      <ModuleTime>2019-11-15T10:20:46Z</ModuleTime>
      <ModuleName>System.Net.Requests</ModuleName>
      <Classes />
    </Module>
    <Module skippedDueTo="Filter" hash="2A-AC-1F-89-5C-4B-67-4A-72-39-8D-B2-A6-3B-DB-93-F6-5A-61-03">
      <ModulePath>C:\Program Files\dotnet\shared\Microsoft.NETCore.App\3.1.0\System.Net.NetworkInformation.dll</ModulePath>
      <ModuleTime>2019-11-15T10:21:38Z</ModuleTime>
      <ModuleName>System.Net.NetworkInformation</ModuleName>
      <Classes />
    </Module>
    <Module skippedDueTo="Filter" hash="3B-D3-C4-6D-03-98-0D-D1-14-13-5D-AF-F7-DB-FE-1D-25-FA-36-47">
      <ModulePath>C:\Program Files\dotnet\shared\Microsoft.NETCore.App\3.1.0\System.ObjectModel.dll</ModulePath>
      <ModuleTime>2019-11-15T10:20:50Z</ModuleTime>
      <ModuleName>System.ObjectModel</ModuleName>
      <Classes />
    </Module>
    <Module skippedDueTo="Filter" hash="B7-60-E4-69-42-7E-0F-F7-FA-1D-2A-DB-01-D7-D2-43-3E-66-C6-60">
      <ModulePath>C:\Program Files\dotnet\shared\Microsoft.NETCore.App\3.1.0\System.Diagnostics.DiagnosticSource.dll</ModulePath>
      <ModuleTime>2019-11-15T10:21:24Z</ModuleTime>
      <ModuleName>System.Diagnostics.DiagnosticSource</ModuleName>
      <Classes />
    </Module>
    <Module skippedDueTo="Filter" hash="79-C9-45-13-D7-83-B7-4F-6C-D9-AA-96-61-A0-5C-FB-44-88-AB-0A">
      <ModulePath>C:\Program Files\dotnet\shared\Microsoft.NETCore.App\3.1.0\System.Threading.Timer.dll</ModulePath>
      <ModuleTime>2019-11-15T10:20:52Z</ModuleTime>
      <ModuleName>System.Threading.Timer</ModuleName>
      <Classes />
    </Module>
    <Module skippedDueTo="Filter" hash="33-E4-2A-F7-43-8C-E5-77-28-20-2F-BF-BF-7C-23-89-2A-DB-2B-94">
      <ModulePath>C:\Program Files\dotnet\shared\Microsoft.NETCore.App\3.1.0\System.Net.Sockets.dll</ModulePath>
      <ModuleTime>2019-11-15T10:21:16Z</ModuleTime>
      <ModuleName>System.Net.Sockets</ModuleName>
      <Classes />
    </Module>
    <Module skippedDueTo="Filter" hash="00-B3-C2-BD-1C-DD-65-3A-EF-0F-2D-62-1E-43-43-7A-D3-B8-3C-5C">
      <ModulePath>C:\Program Files\dotnet\shared\Microsoft.NETCore.App\3.1.0\System.Threading.Tasks.Dataflow.dll</ModulePath>
      <ModuleTime>2019-11-15T10:21:22Z</ModuleTime>
      <ModuleName>System.Threading.Tasks.Dataflow</ModuleName>
      <Classes />
    </Module>
    <Module skippedDueTo="Filter" hash="E2-37-79-30-04-1F-A1-43-0D-E5-31-02-12-51-AC-8F-F9-C3-00-51">
      <ModulePath>C:\Program Files\dotnet\shared\Microsoft.NETCore.App\3.1.0\System.Diagnostics.Tracing.dll</ModulePath>
      <ModuleTime>2019-11-15T10:21:34Z</ModuleTime>
      <ModuleName>System.Diagnostics.Tracing</ModuleName>
      <Classes />
    </Module>
    <Module skippedDueTo="Filter" hash="1A-F8-0D-8F-56-8A-43-8C-0C-95-03-9B-C8-B9-A7-BC-3B-9D-64-F8">
      <ModulePath>C:\Program Files\dotnet\shared\Microsoft.NETCore.App\3.1.0\System.Threading.Overlapped.dll</ModulePath>
      <ModuleTime>2019-11-15T10:21:28Z</ModuleTime>
      <ModuleName>System.Threading.Overlapped</ModuleName>
      <Classes />
    </Module>
    <Module skippedDueTo="Filter" hash="E0-D9-2F-95-F4-D3-21-8E-95-E6-94-CE-97-84-2E-B2-B7-78-4D-9B">
      <ModulePath>C:\Program Files\dotnet\shared\Microsoft.NETCore.App\3.1.0\System.Net.NameResolution.dll</ModulePath>
      <ModuleTime>2019-11-15T10:21:36Z</ModuleTime>
      <ModuleName>System.Net.NameResolution</ModuleName>
      <Classes />
    </Module>
    <Module skippedDueTo="Filter" hash="36-0E-E4-4E-2E-97-E3-86-60-3F-33-E7-D2-92-B7-65-A3-64-D5-47">
      <ModulePath>C:\Program Files\dotnet\sdk\3.1.100\dotnet.dll</ModulePath>
      <ModuleTime>2019-11-16T23:43:50Z</ModuleTime>
      <ModuleName>dotnet</ModuleName>
      <Classes />
    </Module>
    <Module skippedDueTo="Filter" hash="95-E4-20-09-70-EC-79-A2-B7-82-A4-BD-18-89-59-4F-21-79-CF-1C">
      <ModulePath>C:\Program Files\dotnet\sdk\3.1.100\Microsoft.DotNet.Configurer.dll</ModulePath>
      <ModuleTime>2019-11-16T23:43:50Z</ModuleTime>
      <ModuleName>Microsoft.DotNet.Configurer</ModuleName>
      <Classes />
    </Module>
    <Module skippedDueTo="Filter" hash="9F-EB-5A-A3-E1-B8-F2-53-17-A4-AE-87-AA-8D-FB-88-EC-92-74-EE">
      <ModulePath>C:\Program Files\dotnet\shared\Microsoft.NETCore.App\3.1.0\System.Resources.ResourceManager.dll</ModulePath>
      <ModuleTime>2019-11-15T10:21:18Z</ModuleTime>
      <ModuleName>System.Resources.ResourceManager</ModuleName>
      <Classes />
    </Module>
    <Module skippedDueTo="Filter" hash="CE-39-56-9A-7E-5A-E7-DF-EA-A5-9D-87-BF-5D-8D-2F-9E-8F-42-B9">
      <ModulePath>C:\Program Files\dotnet\shared\Microsoft.NETCore.App\3.1.0\System.Security.Principal.Windows.dll</ModulePath>
      <ModuleTime>2019-11-15T10:21:28Z</ModuleTime>
      <ModuleName>System.Security.Principal.Windows</ModuleName>
      <Classes />
    </Module>
    <Module skippedDueTo="Filter" hash="DD-C7-12-87-FC-D4-C6-D2-90-96-0A-11-C9-CC-8C-A4-E9-F9-9E-35">
      <ModulePath>C:\Program Files\dotnet\shared\Microsoft.NETCore.App\3.1.0\System.Security.Claims.dll</ModulePath>
      <ModuleTime>2019-11-15T10:21:26Z</ModuleTime>
      <ModuleName>System.Security.Claims</ModuleName>
      <Classes />
    </Module>
    <Module skippedDueTo="Filter" hash="73-A5-0F-72-2A-E9-33-CF-49-39-53-8A-65-FD-32-30-D5-40-B2-8B">
      <ModulePath>C:\Program Files\dotnet\shared\Microsoft.NETCore.App\3.1.0\System.Security.Principal.dll</ModulePath>
      <ModuleTime>2019-11-15T10:21:26Z</ModuleTime>
      <ModuleName>System.Security.Principal</ModuleName>
      <Classes />
    </Module>
    <Module skippedDueTo="Filter" hash="FD-42-93-12-C1-B4-80-E9-F2-62-37-7E-6A-0A-20-96-BD-E7-6C-2F">
      <ModulePath>C:\Program Files\dotnet\shared\Microsoft.NETCore.App\3.1.0\System.Xml.ReaderWriter.dll</ModulePath>
      <ModuleTime>2019-11-15T10:20:28Z</ModuleTime>
      <ModuleName>System.Xml.ReaderWriter</ModuleName>
      <Classes />
    </Module>
    <Module skippedDueTo="Filter" hash="33-24-7C-E8-62-B3-75-92-26-3B-4D-DA-02-03-E6-D0-21-57-19-5F">
      <ModulePath>C:\Program Files\dotnet\shared\Microsoft.NETCore.App\3.1.0\System.Private.Xml.dll</ModulePath>
      <ModuleTime>2019-11-15T10:21:14Z</ModuleTime>
      <ModuleName>System.Private.Xml</ModuleName>
      <Classes />
    </Module>
    <Module skippedDueTo="Filter" hash="96-B9-12-56-A8-CB-8F-AC-D3-B9-59-F2-CD-54-B4-6A-DA-34-96-4E">
      <ModulePath>C:\Program Files\dotnet\shared\Microsoft.NETCore.App\3.1.0\System.Security.Cryptography.Algorithms.dll</ModulePath>
      <ModuleTime>2019-11-15T10:21:24Z</ModuleTime>
      <ModuleName>System.Security.Cryptography.Algorithms</ModuleName>
      <Classes />
    </Module>
    <Module skippedDueTo="Filter" hash="EE-02-8F-07-2A-4D-97-EF-EA-E3-1F-AD-EB-F0-3A-D9-4F-B2-5C-5D">
      <ModulePath>C:\Program Files\dotnet\shared\Microsoft.NETCore.App\3.1.0\System.Private.Uri.dll</ModulePath>
      <ModuleTime>2019-11-15T10:21:20Z</ModuleTime>
      <ModuleName>System.Private.Uri</ModuleName>
      <Classes />
    </Module>
    <Module skippedDueTo="Filter" hash="3E-F0-72-EB-C0-78-2B-88-E4-B3-44-8A-59-7D-E7-70-39-D8-9E-04">
      <ModulePath>C:\Program Files\dotnet\shared\Microsoft.NETCore.App\3.1.0\Microsoft.Win32.Registry.dll</ModulePath>
      <ModuleTime>2019-11-15T10:21:32Z</ModuleTime>
      <ModuleName>Microsoft.Win32.Registry</ModuleName>
      <Classes />
    </Module>
    <Module skippedDueTo="Filter" hash="64-AF-69-54-69-43-FB-48-5F-E3-E0-B9-5F-17-BE-46-9D-E9-74-F4">
      <ModulePath>C:\Program Files\dotnet\shared\Microsoft.NETCore.App\3.1.0\System.Threading.ThreadPool.dll</ModulePath>
      <ModuleTime>2019-11-15T10:20:28Z</ModuleTime>
      <ModuleName>System.Threading.ThreadPool</ModuleName>
      <Classes />
    </Module>
    <Module skippedDueTo="Filter" hash="FE-0F-D3-19-81-CA-5A-65-44-D1-97-FB-21-B0-34-9B-57-FB-62-6F">
      <ModulePath>C:\Program Files\dotnet\shared\Microsoft.NETCore.App\3.1.0\System.Diagnostics.TraceSource.dll</ModulePath>
      <ModuleTime>2019-11-15T10:21:34Z</ModuleTime>
      <ModuleName>System.Diagnostics.TraceSource</ModuleName>
      <Classes />
    </Module>
    <Module skippedDueTo="Filter" hash="82-88-43-50-CB-71-0D-0E-E1-E1-15-3A-50-9C-CB-5C-68-A8-D7-E3">
      <ModulePath>C:\Program Files\dotnet\shared\Microsoft.NETCore.App\3.1.0\System.Collections.Immutable.dll</ModulePath>
      <ModuleTime>2019-11-15T10:21:28Z</ModuleTime>
      <ModuleName>System.Collections.Immutable</ModuleName>
      <Classes />
    </Module>
    <Module skippedDueTo="Filter" hash="29-46-96-29-B0-EB-D3-DF-EB-7C-D0-C0-F0-A4-7C-DC-39-CC-45-C3">
      <ModulePath>C:\Program Files\dotnet\shared\Microsoft.NETCore.App\3.1.0\System.Security.Cryptography.Encoding.dll</ModulePath>
      <ModuleTime>2019-11-15T10:21:26Z</ModuleTime>
      <ModuleName>System.Security.Cryptography.Encoding</ModuleName>
      <Classes />
    </Module>
    <Module skippedDueTo="Filter" hash="9A-61-41-7B-22-3F-85-45-DC-51-F7-7C-2B-C2-E9-4D-9E-72-22-7A">
      <ModulePath>C:\Program Files\dotnet\shared\Microsoft.NETCore.App\3.1.0\System.Threading.Tasks.Parallel.dll</ModulePath>
      <ModuleTime>2019-11-15T10:21:20Z</ModuleTime>
      <ModuleName>System.Threading.Tasks.Parallel</ModuleName>
      <Classes />
    </Module>
    <Module skippedDueTo="Filter" hash="B7-C9-8B-42-43-42-4C-BB-AA-4A-B0-51-7B-62-E7-EA-FB-E2-DB-80">
      <ModulePath>C:\Program Files\dotnet\sdk\3.1.100\Microsoft.Build.Utilities.Core.dll</ModulePath>
      <ModuleTime>2019-11-16T23:43:14Z</ModuleTime>
      <ModuleName>Microsoft.Build.Utilities.Core</ModuleName>
      <Classes />
    </Module>
    <Module skippedDueTo="Filter" hash="CD-65-CE-DB-65-5D-87-F5-BE-43-A6-3C-40-E4-C0-54-81-E4-BB-FF">
      <ModulePath>C:\Program Files\dotnet\shared\Microsoft.NETCore.App\3.1.0\System.Reflection.Emit.ILGeneration.dll</ModulePath>
      <ModuleTime>2019-11-15T10:21:18Z</ModuleTime>
      <ModuleName>System.Reflection.Emit.ILGeneration</ModuleName>
      <Classes />
    </Module>
    <Module skippedDueTo="Filter" hash="A7-69-86-13-7F-2A-42-2C-11-C3-22-76-57-7C-B1-C7-66-A6-F5-E4">
      <ModulePath>C:\Program Files\dotnet\shared\Microsoft.NETCore.App\3.1.0\System.Reflection.Emit.Lightweight.dll</ModulePath>
      <ModuleTime>2019-11-15T10:21:16Z</ModuleTime>
      <ModuleName>System.Reflection.Emit.Lightweight</ModuleName>
      <Classes />
    </Module>
    <Module skippedDueTo="Filter" hash="42-7C-F8-EB-2D-3D-A4-F1-8F-43-54-40-98-44-84-CA-23-D3-7D-BB">
      <ModulePath>C:\Program Files\dotnet\shared\Microsoft.NETCore.App\3.1.0\System.Reflection.Primitives.dll</ModulePath>
      <ModuleTime>2019-11-15T10:21:18Z</ModuleTime>
      <ModuleName>System.Reflection.Primitives</ModuleName>
      <Classes />
    </Module>
    <Module skippedDueTo="Filter" hash="88-BE-DB-99-83-14-87-89-86-45-00-A4-0F-72-21-81-62-EF-A6-DF">
      <ModulePath>C:\Program Files\dotnet\shared\Microsoft.NETCore.App\3.1.0\System.Runtime.Serialization.Formatters.dll</ModulePath>
      <ModuleTime>2019-11-15T10:21:16Z</ModuleTime>
      <ModuleName>System.Runtime.Serialization.Formatters</ModuleName>
      <Classes />
    </Module>
    <Module skippedDueTo="Filter" hash="0D-5D-A6-D9-79-5E-C4-96-A4-29-40-A1-DD-BC-95-C0-4F-AF-B8-70">
      <ModulePath>C:\Program Files\dotnet\sdk\3.1.100\Microsoft.Build.Tasks.Core.dll</ModulePath>
      <ModuleTime>2019-11-16T23:43:08Z</ModuleTime>
      <ModuleName>Microsoft.Build.Tasks.Core</ModuleName>
      <Classes />
    </Module>
    <Module skippedDueTo="Filter" hash="57-6E-F1-C0-98-3A-E8-B3-5E-AA-AA-91-DB-70-6A-7C-F4-BB-AD-B7">
      <ModulePath>C:\Program Files\dotnet\shared\Microsoft.NETCore.App\3.1.0\System.Runtime.Loader.dll</ModulePath>
      <ModuleTime>2019-11-15T10:21:16Z</ModuleTime>
      <ModuleName>System.Runtime.Loader</ModuleName>
      <Classes />
    </Module>
    <Module skippedDueTo="Filter" hash="5B-F7-D6-82-00-04-51-C7-59-72-94-B4-C1-C6-D9-58-58-E9-73-86">
      <ModulePath>C:\Program Files\dotnet\sdk\3.1.100\Sdks\Microsoft.NET.Sdk\targets\..\tools\netcoreapp2.1/Microsoft.NET.Build.Tasks.dll</ModulePath>
      <ModuleTime>2019-11-16T23:43:50Z</ModuleTime>
      <ModuleName>Microsoft.NET.Build.Tasks</ModuleName>
      <Classes />
    </Module>
[...]
      <ModuleTime>2019-10-09T01:45:08Z</ModuleTime>
      <ModuleName>System.Linq.Parallel</ModuleName>
      <Classes />
    </Module>
    <Module skippedDueTo="Filter" hash="3F-7D-28-20-41-28-15-D3-D9-82-7E-D0-27-1C-F1-CA-5B-4A-66-55">
      <ModulePath>C:\Program Files\dotnet\shared\Microsoft.NETCore.App\2.2.8\System.Linq.Queryable.dll</ModulePath>
      <ModuleTime>2019-10-09T01:45:08Z</ModuleTime>
      <ModuleName>System.Linq.Queryable</ModuleName>
      <Classes />
    </Module>
    <Module skippedDueTo="Filter" hash="14-95-3B-9A-81-5D-9C-7A-24-D3-FB-60-DD-72-60-47-1E-C5-4B-CC">
      <ModulePath>C:\Program Files\dotnet\shared\Microsoft.NETCore.App\2.2.8\System.Net.Http.dll</ModulePath>
      <ModuleTime>2019-10-09T01:45:08Z</ModuleTime>
      <ModuleName>System.Net.Http</ModuleName>
      <Classes />
    </Module>
    <Module skippedDueTo="Filter" hash="3D-50-B5-17-65-29-8F-A9-B3-7B-3D-6B-D1-E2-D9-28-E3-61-39-66">
      <ModulePath>C:\Program Files\dotnet\shared\Microsoft.NETCore.App\2.2.8\System.Net.Security.dll</ModulePath>
      <ModuleTime>2019-10-09T01:45:10Z</ModuleTime>
      <ModuleName>System.Net.Security</ModuleName>
      <Classes />
    </Module>
    <Module skippedDueTo="Filter" hash="C7-7E-72-41-F0-34-D5-81-BF-07-3B-27-C2-FA-71-0A-AA-C2-4F-BA">
      <ModulePath>C:\Program Files\dotnet\shared\Microsoft.NETCore.App\2.2.8\System.Net.HttpListener.dll</ModulePath>
      <ModuleTime>2019-10-09T01:45:10Z</ModuleTime>
      <ModuleName>System.Net.HttpListener</ModuleName>
      <Classes />
    </Module>
    <Module skippedDueTo="Filter" hash="66-08-A3-FF-F1-7A-B6-27-D9-79-7A-53-5F-F7-FC-E3-E6-2A-02-FB">
      <ModulePath>C:\Program Files\dotnet\shared\Microsoft.NETCore.App\2.2.8\System.Net.Mail.dll</ModulePath>
      <ModuleTime>2019-10-09T01:45:10Z</ModuleTime>
      <ModuleName>System.Net.Mail</ModuleName>
      <Classes />
    </Module>
    <Module skippedDueTo="Filter" hash="0C-8E-77-5B-23-60-81-3D-3A-23-11-9B-E7-EB-4B-F6-B2-40-B3-39">
      <ModulePath>C:\Program Files\dotnet\shared\Microsoft.NETCore.App\2.2.8\System.Net.NetworkInformation.dll</ModulePath>
      <ModuleTime>2019-10-09T01:45:10Z</ModuleTime>
      <ModuleName>System.Net.NetworkInformation</ModuleName>
      <Classes />
    </Module>
    <Module skippedDueTo="Filter" hash="98-7A-D4-CF-80-DD-B2-D7-E8-79-8C-88-4A-33-56-41-14-89-D3-9F">
      <ModulePath>C:\Program Files\dotnet\shared\Microsoft.NETCore.App\2.2.8\System.Net.Ping.dll</ModulePath>
      <ModuleTime>2019-10-09T01:45:10Z</ModuleTime>
      <ModuleName>System.Net.Ping</ModuleName>
      <Classes />
    </Module>
    <Module skippedDueTo="Filter" hash="22-CA-EC-FE-70-E2-A7-A9-A0-74-32-0D-9D-3A-F1-C4-71-0D-53-BA">
      <ModulePath>C:\Program Files\dotnet\shared\Microsoft.NETCore.App\2.2.8\System.Net.Requests.dll</ModulePath>
      <ModuleTime>2019-10-09T01:45:10Z</ModuleTime>
      <ModuleName>System.Net.Requests</ModuleName>
      <Classes />
    </Module>
    <Module skippedDueTo="Filter" hash="E5-A2-43-5A-16-45-9B-0E-79-D1-82-EF-DC-14-CF-D2-BC-FE-66-EE">
      <ModulePath>C:\Program Files\dotnet\shared\Microsoft.NETCore.App\2.2.8\System.Net.ServicePoint.dll</ModulePath>
      <ModuleTime>2019-10-09T01:45:10Z</ModuleTime>
      <ModuleName>System.Net.ServicePoint</ModuleName>
      <Classes />
    </Module>
    <Module skippedDueTo="Filter" hash="D8-8A-D3-24-70-ED-CE-D9-4C-49-D7-20-C6-68-F3-43-E0-EB-46-EF">
      <ModulePath>C:\Program Files\dotnet\shared\Microsoft.NETCore.App\2.2.8\System.Net.WebClient.dll</ModulePath>
      <ModuleTime>2019-10-09T01:45:10Z</ModuleTime>
      <ModuleName>System.Net.WebClient</ModuleName>
      <Classes />
    </Module>
    <Module skippedDueTo="Filter" hash="A9-49-66-A3-D5-FE-04-E2-B8-E8-F8-79-70-47-02-31-64-1C-F0-1E">
      <ModulePath>C:\Program Files\dotnet\shared\Microsoft.NETCore.App\2.2.8\System.Net.WebHeaderCollection.dll</ModulePath>
      <ModuleTime>2019-10-09T01:45:10Z</ModuleTime>
      <ModuleName>System.Net.WebHeaderCollection</ModuleName>
      <Classes />
    </Module>
    <Module skippedDueTo="Filter" hash="A5-B2-7F-6E-CC-3E-01-05-30-A5-4D-5C-BC-41-C2-95-D4-A2-1C-BB">
      <ModulePath>C:\Program Files\dotnet\shared\Microsoft.NETCore.App\2.2.8\System.Net.WebProxy.dll</ModulePath>
      <ModuleTime>2019-10-09T01:45:10Z</ModuleTime>
      <ModuleName>System.Net.WebProxy</ModuleName>
      <Classes />
    </Module>
    <Module skippedDueTo="Filter" hash="3F-60-42-C2-81-AF-4D-6B-BD-C0-2E-52-19-C2-D7-A1-B5-C7-8F-8C">
      <ModulePath>C:\Program Files\dotnet\shared\Microsoft.NETCore.App\2.2.8\System.Net.WebSockets.Client.dll</ModulePath>
      <ModuleTime>2019-10-09T01:45:10Z</ModuleTime>
      <ModuleName>System.Net.WebSockets.Client</ModuleName>
      <Classes />
    </Module>
    <Module skippedDueTo="Filter" hash="1D-7E-6B-40-EA-75-41-54-3B-54-D6-BC-56-4D-50-83-C8-B3-42-C7">
      <ModulePath>C:\Program Files\dotnet\shared\Microsoft.NETCore.App\2.2.8\System.Net.dll</ModulePath>
      <ModuleTime>2019-10-09T01:45:10Z</ModuleTime>
      <ModuleName>System.Net</ModuleName>
      <Classes />
    </Module>
    <Module skippedDueTo="Filter" hash="17-DE-51-70-50-9A-0F-2B-C5-71-E4-36-5C-7A-92-A3-A4-65-0C-87">
      <ModulePath>C:\Program Files\dotnet\shared\Microsoft.NETCore.App\2.2.8\System.Numerics.Vectors.dll</ModulePath>
      <ModuleTime>2019-10-09T01:45:10Z</ModuleTime>
      <ModuleName>System.Numerics.Vectors</ModuleName>
      <Classes />
    </Module>
    <Module skippedDueTo="Filter" hash="91-AD-29-34-E2-8B-B8-BF-90-26-BA-8C-B5-1E-C0-65-2B-A1-5F-83">
      <ModulePath>C:\Program Files\dotnet\shared\Microsoft.NETCore.App\2.2.8\System.Numerics.dll</ModulePath>
      <ModuleTime>2019-10-09T01:45:10Z</ModuleTime>
      <ModuleName>System.Numerics</ModuleName>
      <Classes />
    </Module>
    <Module skippedDueTo="Filter" hash="5F-1F-4A-CA-D9-50-E7-83-1A-1A-F6-56-00-4C-C6-20-01-20-68-6D">
      <ModulePath>C:\Program Files\dotnet\shared\Microsoft.NETCore.App\2.2.8\System.Private.DataContractSerialization.dll</ModulePath>
      <ModuleTime>2019-10-09T01:45:10Z</ModuleTime>
      <ModuleName>System.Private.DataContractSerialization</ModuleName>
      <Classes />
    </Module>
    <Module skippedDueTo="Filter" hash="D5-B0-C7-6C-E9-F1-F7-59-78-81-6A-EB-0A-AA-76-AC-85-BE-5B-10">
      <ModulePath>C:\Program Files\dotnet\shared\Microsoft.NETCore.App\2.2.8\System.Reflection.Emit.ILGeneration.dll</ModulePath>
      <ModuleTime>2019-10-09T01:45:10Z</ModuleTime>
      <ModuleName>System.Reflection.Emit.ILGeneration</ModuleName>
      <Classes />
    </Module>
    <Module skippedDueTo="Filter" hash="37-90-0D-F4-85-E4-A0-F0-C3-77-42-86-39-51-A5-87-1C-1F-B9-BC">
      <ModulePath>C:\Program Files\dotnet\shared\Microsoft.NETCore.App\2.2.8\System.Reflection.DispatchProxy.dll</ModulePath>
      <ModuleTime>2019-10-09T01:45:10Z</ModuleTime>
      <ModuleName>System.Reflection.DispatchProxy</ModuleName>
      <Classes />
    </Module>
    <Module skippedDueTo="Filter" hash="42-1B-A8-FD-52-7B-4D-A6-9D-A1-BC-26-F1-A7-C2-A1-96-0E-B1-E4">
      <ModulePath>C:\Program Files\dotnet\shared\Microsoft.NETCore.App\2.2.8\System.Reflection.Emit.Lightweight.dll</ModulePath>
      <ModuleTime>2019-10-09T01:45:10Z</ModuleTime>
      <ModuleName>System.Reflection.Emit.Lightweight</ModuleName>
      <Classes />
    </Module>
    <Module skippedDueTo="Filter" hash="A5-9A-BD-B8-CF-BC-C1-7D-F7-FD-64-57-DA-9D-81-CD-61-1E-0F-C5">
      <ModulePath>C:\Program Files\dotnet\shared\Microsoft.NETCore.App\2.2.8\System.Reflection.Emit.dll</ModulePath>
      <ModuleTime>2019-10-09T01:45:10Z</ModuleTime>
      <ModuleName>System.Reflection.Emit</ModuleName>
      <Classes />
    </Module>
    <Module skippedDueTo="Filter" hash="CF-56-58-19-72-46-7F-63-55-4B-2F-01-85-58-88-A5-94-76-39-01">
      <ModulePath>C:\Program Files\dotnet\shared\Microsoft.NETCore.App\2.2.8\System.Resources.Reader.dll</ModulePath>
      <ModuleTime>2019-10-09T01:45:10Z</ModuleTime>
      <ModuleName>System.Resources.Reader</ModuleName>
      <Classes />
    </Module>
    <Module skippedDueTo="Filter" hash="70-44-81-3E-97-20-E2-0A-D8-72-9D-16-FB-6A-72-99-08-26-2A-79">
      <ModulePath>C:\Program Files\dotnet\shared\Microsoft.NETCore.App\2.2.8\System.Resources.Writer.dll</ModulePath>
      <ModuleTime>2019-10-09T01:45:10Z</ModuleTime>
      <ModuleName>System.Resources.Writer</ModuleName>
      <Classes />
    </Module>
    <Module skippedDueTo="Filter" hash="D5-86-1E-1E-D0-14-F4-D6-D3-9A-1A-F1-24-72-24-1E-47-E0-8E-E7">
      <ModulePath>C:\Program Files\dotnet\shared\Microsoft.NETCore.App\2.2.8\System.Runtime.CompilerServices.VisualC.dll</ModulePath>
      <ModuleTime>2019-10-09T01:45:10Z</ModuleTime>
      <ModuleName>System.Runtime.CompilerServices.VisualC</ModuleName>
      <Classes />
    </Module>
    <Module skippedDueTo="Filter" hash="37-14-1C-32-09-5B-50-A6-1C-FF-27-AB-E8-AA-A2-96-6F-0E-89-EF">
      <ModulePath>C:\Program Files\dotnet\shared\Microsoft.NETCore.App\2.2.8\System.Runtime.Handles.dll</ModulePath>
      <ModuleTime>2019-10-09T01:45:10Z</ModuleTime>
      <ModuleName>System.Runtime.Handles</ModuleName>
      <Classes />
    </Module>
    <Module skippedDueTo="Filter" hash="8C-8E-55-4B-EC-87-24-85-85-DB-E9-14-BE-64-78-6F-C5-7E-52-F5">
      <ModulePath>C:\Program Files\dotnet\shared\Microsoft.NETCore.App\2.2.8\System.Runtime.InteropServices.WindowsRuntime.dll</ModulePath>
      <ModuleTime>2019-10-09T01:45:10Z</ModuleTime>
      <ModuleName>System.Runtime.InteropServices.WindowsRuntime</ModuleName>
      <Classes />
    </Module>
    <Module skippedDueTo="Filter" hash="CF-84-A9-F9-82-07-5E-5F-D2-B4-89-F1-3A-80-50-6C-5B-68-BC-D4">
      <ModulePath>C:\Program Files\dotnet\shared\Microsoft.NETCore.App\2.2.8\System.Runtime.Serialization.Formatters.dll</ModulePath>
      <ModuleTime>2019-10-09T01:45:10Z</ModuleTime>
      <ModuleName>System.Runtime.Serialization.Formatters</ModuleName>
      <Classes />
    </Module>
    <Module skippedDueTo="Filter" hash="D3-B4-F1-B6-D6-A9-4B-3C-D8-C0-7E-BB-95-5D-24-23-11-CC-96-02">
      <ModulePath>C:\Program Files\dotnet\shared\Microsoft.NETCore.App\2.2.8\System.Runtime.Serialization.Json.dll</ModulePath>
      <ModuleTime>2019-10-09T01:45:10Z</ModuleTime>
      <ModuleName>System.Runtime.Serialization.Json</ModuleName>
      <Classes />
    </Module>
    <Module skippedDueTo="Filter" hash="F2-5E-9F-9D-33-20-57-AC-E6-D2-B3-8D-60-D2-84-28-AC-F4-6F-99">
      <ModulePath>C:\Program Files\dotnet\shared\Microsoft.NETCore.App\2.2.8\System.Runtime.Serialization.Xml.dll</ModulePath>
      <ModuleTime>2019-10-09T01:45:10Z</ModuleTime>
      <ModuleName>System.Runtime.Serialization.Xml</ModuleName>
      <Classes />
    </Module>
    <Module skippedDueTo="Filter" hash="FC-AB-4D-2E-0E-C6-91-A3-90-32-A2-E2-F5-1D-E7-BD-17-73-99-5E">
      <ModulePath>C:\Program Files\dotnet\shared\Microsoft.NETCore.App\2.2.8\System.Runtime.Serialization.dll</ModulePath>
      <ModuleTime>2019-10-09T01:45:10Z</ModuleTime>
      <ModuleName>System.Runtime.Serialization</ModuleName>
      <Classes />
    </Module>
    <Module skippedDueTo="Filter" hash="B1-B1-6F-D6-A1-FF-70-6F-ED-DC-63-C0-3F-00-1C-45-8B-7F-D1-5F">
      <ModulePath>C:\Program Files\dotnet\shared\Microsoft.NETCore.App\2.2.8\System.Security.Cryptography.Cng.dll</ModulePath>
      <ModuleTime>2019-10-09T01:45:10Z</ModuleTime>
      <ModuleName>System.Security.Cryptography.Cng</ModuleName>
      <Classes />
    </Module>
    <Module skippedDueTo="Filter" hash="D6-11-E4-2F-62-B8-B6-53-0B-C7-41-CF-3B-96-80-E6-08-AE-97-D4">
      <ModulePath>C:\Program Files\dotnet\shared\Microsoft.NETCore.App\2.2.8\System.Security.Cryptography.Csp.dll</ModulePath>
      <ModuleTime>2019-10-09T01:45:10Z</ModuleTime>
      <ModuleName>System.Security.Cryptography.Csp</ModuleName>
      <Classes />
    </Module>
    <Module skippedDueTo="Filter" hash="AF-06-F3-56-EC-BB-F3-B6-3B-26-E8-1F-7C-EE-67-48-DA-74-D5-42">
      <ModulePath>C:\Program Files\dotnet\shared\Microsoft.NETCore.App\2.2.8\System.Security.Cryptography.OpenSsl.dll</ModulePath>
      <ModuleTime>2019-10-09T01:45:10Z</ModuleTime>
      <ModuleName>System.Security.Cryptography.OpenSsl</ModuleName>
      <Classes />
    </Module>
    <Module skippedDueTo="Filter" hash="E8-08-FE-E1-E2-5F-9A-E9-2E-D5-7F-A9-FD-37-3A-18-63-C3-6C-89">
      <ModulePath>C:\Program Files\dotnet\shared\Microsoft.NETCore.App\2.2.8\System.Security.SecureString.dll</ModulePath>
      <ModuleTime>2019-10-09T01:45:10Z</ModuleTime>
      <ModuleName>System.Security.SecureString</ModuleName>
      <Classes />
    </Module>
    <Module skippedDueTo="Filter" hash="86-E0-78-A5-0C-82-EA-09-8E-F2-C0-59-81-13-95-29-91-39-BC-48">
      <ModulePath>C:\Program Files\dotnet\shared\Microsoft.NETCore.App\2.2.8\System.Security.dll</ModulePath>
      <ModuleTime>2019-10-09T01:45:10Z</ModuleTime>
      <ModuleName>System.Security</ModuleName>
      <Classes />
    </Module>
    <Module skippedDueTo="Filter" hash="9E-6C-F5-1B-92-5C-36-46-B5-DE-AD-9D-93-59-A9-18-98-DB-A5-5D">
      <ModulePath>C:\Program Files\dotnet\shared\Microsoft.NETCore.App\2.2.8\System.ServiceModel.Web.dll</ModulePath>
      <ModuleTime>2019-10-09T01:45:10Z</ModuleTime>
      <ModuleName>System.ServiceModel.Web</ModuleName>
      <Classes />
    </Module>
    <Module skippedDueTo="Filter" hash="29-BC-1A-60-F2-47-4C-54-03-6D-80-A3-C3-AF-1C-12-D0-77-D4-97">
      <ModulePath>C:\Program Files\dotnet\shared\Microsoft.NETCore.App\2.2.8\System.ServiceProcess.dll</ModulePath>
      <ModuleTime>2019-10-09T01:45:10Z</ModuleTime>
      <ModuleName>System.ServiceProcess</ModuleName>
      <Classes />
    </Module>
    <Module skippedDueTo="Filter" hash="4A-34-98-2D-ED-D6-B9-26-E6-66-D2-53-9F-CB-54-6B-F7-88-E2-A5">
      <ModulePath>C:\Program Files\dotnet\shared\Microsoft.NETCore.App\2.2.8\System.Threading.Tasks.Dataflow.dll</ModulePath>
      <ModuleTime>2019-10-09T01:45:10Z</ModuleTime>
      <ModuleName>System.Threading.Tasks.Dataflow</ModuleName>
      <Classes />
    </Module>
    <Module skippedDueTo="Filter" hash="08-28-D4-55-6E-86-C5-DF-1E-B6-E6-FC-ED-22-04-BD-BD-9C-56-49">
      <ModulePath>C:\Program Files\dotnet\shared\Microsoft.NETCore.App\2.2.8\System.Threading.Tasks.Extensions.dll</ModulePath>
      <ModuleTime>2019-10-09T01:45:10Z</ModuleTime>
      <ModuleName>System.Threading.Tasks.Extensions</ModuleName>
      <Classes />
    </Module>
    <Module skippedDueTo="Filter" hash="C2-3C-1C-67-5F-2F-39-1A-1B-44-46-3A-8A-46-E8-7C-DC-B2-17-68">
      <ModulePath>C:\Program Files\dotnet\shared\Microsoft.NETCore.App\2.2.8\System.Threading.Tasks.Parallel.dll</ModulePath>
      <ModuleTime>2019-10-09T01:45:10Z</ModuleTime>
      <ModuleName>System.Threading.Tasks.Parallel</ModuleName>
      <Classes />
    </Module>
    <Module skippedDueTo="Filter" hash="40-8E-2D-4D-01-D0-FF-CE-23-5F-99-50-2C-0E-4F-2C-F5-1D-D5-BD">
      <ModulePath>C:\Program Files\dotnet\shared\Microsoft.NETCore.App\2.2.8\System.Transactions.dll</ModulePath>
      <ModuleTime>2019-10-09T01:45:10Z</ModuleTime>
      <ModuleName>System.Transactions</ModuleName>
      <Classes />
    </Module>
    <Module skippedDueTo="Filter" hash="EB-77-53-6D-D7-08-35-6C-01-6A-C5-B5-39-49-E3-C1-C7-EA-DD-02">
      <ModulePath>C:\Program Files\dotnet\shared\Microsoft.NETCore.App\2.2.8\System.ValueTuple.dll</ModulePath>
      <ModuleTime>2019-10-09T01:45:10Z</ModuleTime>
      <ModuleName>System.ValueTuple</ModuleName>
      <Classes />
    </Module>
    <Module skippedDueTo="Filter" hash="A7-8D-17-8E-3B-74-51-67-10-67-78-2E-51-95-05-CB-60-77-8A-7E">
      <ModulePath>C:\Program Files\dotnet\shared\Microsoft.NETCore.App\2.2.8\System.Web.HttpUtility.dll</ModulePath>
      <ModuleTime>2019-10-09T01:45:10Z</ModuleTime>
      <ModuleName>System.Web.HttpUtility</ModuleName>
      <Classes />
    </Module>
    <Module skippedDueTo="Filter" hash="66-08-DE-F7-15-E2-53-5A-1E-FD-EC-0C-29-8F-93-A9-18-B1-D0-11">
      <ModulePath>C:\Program Files\dotnet\shared\Microsoft.NETCore.App\2.2.8\System.Web.dll</ModulePath>
      <ModuleTime>2019-10-09T01:45:10Z</ModuleTime>
      <ModuleName>System.Web</ModuleName>
      <Classes />
    </Module>
    <Module skippedDueTo="Filter" hash="3E-58-A5-76-6D-1F-F7-AE-E8-45-8D-1E-ED-2B-A2-05-46-BC-09-68">
      <ModulePath>C:\Program Files\dotnet\shared\Microsoft.NETCore.App\2.2.8\System.Windows.dll</ModulePath>
      <ModuleTime>2019-10-09T01:45:10Z</ModuleTime>
      <ModuleName>System.Windows</ModuleName>
      <Classes />
    </Module>
    <Module skippedDueTo="Filter" hash="17-84-A7-DF-FE-3A-C9-EF-9F-5B-0F-4A-17-F8-BF-00-97-FE-0E-5C">
      <ModulePath>C:\Program Files\dotnet\shared\Microsoft.NETCore.App\2.2.8\System.Xml.Linq.dll</ModulePath>
      <ModuleTime>2019-10-09T01:45:10Z</ModuleTime>
      <ModuleName>System.Xml.Linq</ModuleName>
      <Classes />
    </Module>
    <Module skippedDueTo="Filter" hash="8A-CB-42-7F-C5-7E-70-86-86-D2-F8-9B-48-19-02-5A-45-1F-48-F0">
      <ModulePath>C:\Program Files\dotnet\shared\Microsoft.NETCore.App\2.2.8\System.Xml.Serialization.dll</ModulePath>
      <ModuleTime>2019-10-09T01:45:10Z</ModuleTime>
      <ModuleName>System.Xml.Serialization</ModuleName>
      <Classes />
    </Module>
    <Module skippedDueTo="Filter" hash="8B-11-F4-1E-B5-BF-4A-2E-CC-F7-03-EE-29-51-79-F2-9E-DA-6C-81">
      <ModulePath>C:\Program Files\dotnet\shared\Microsoft.NETCore.App\2.2.8\System.Xml.XPath.XDocument.dll</ModulePath>
      <ModuleTime>2019-10-09T01:45:10Z</ModuleTime>
      <ModuleName>System.Xml.XPath.XDocument</ModuleName>
      <Classes />
    </Module>
    <Module skippedDueTo="Filter" hash="78-F4-13-74-AE-30-67-C0-21-94-7E-FC-7A-7D-F5-BE-53-98-10-0D">
      <ModulePath>C:\Program Files\dotnet\shared\Microsoft.NETCore.App\2.2.8\System.Xml.XmlSerializer.dll</ModulePath>
      <ModuleTime>2019-10-09T01:45:10Z</ModuleTime>
      <ModuleName>System.Xml.XmlSerializer</ModuleName>
      <Classes />
    </Module>
    <Module skippedDueTo="Filter" hash="0A-A4-C6-E5-E5-EA-60-74-2C-54-40-92-4D-A3-6F-85-34-95-12-38">
      <ModulePath>C:\Program Files\dotnet\shared\Microsoft.NETCore.App\2.2.8\System.dll</ModulePath>
      <ModuleTime>2019-10-09T01:45:10Z</ModuleTime>
      <ModuleName>System</ModuleName>
      <Classes />
    </Module>
    <Module skippedDueTo="Filter" hash="B4-C8-2F-CE-82-E4-FD-DC-F1-38-BF-85-44-E5-C6-5E-88-66-CC-AD">
      <ModulePath>C:\Program Files\dotnet\shared\Microsoft.NETCore.App\2.2.8\WindowsBase.dll</ModulePath>
      <ModuleTime>2019-10-09T01:45:10Z</ModuleTime>
      <ModuleName>WindowsBase</ModuleName>
      <Classes />
    </Module>
    <Module skippedDueTo="Filter" hash="0B-62-40-90-58-76-E8-86-0D-1A-DC-F5-78-DB-B7-94-BC-00-10-0C">
      <ModulePath>C:\Users\harshilkansagara\source\repos\Zomato\Zomato\Zomato.Repository.Test\bin\Debug\netcoreapp2.2\xunit.runner.reporters.netcoreapp10.dll</ModulePath>
      <ModuleTime>2018-07-16T22:48:26Z</ModuleTime>
      <ModuleName>xunit.runner.reporters.netcoreapp10</ModuleName>
      <Classes />
    </Module>
    <Module skippedDueTo="Filter" hash="16-7C-D1-8D-0E-08-82-D2-50-9C-9A-FF-7A-6F-C1-DB-D3-21-8A-72">
      <ModulePath>C:\Users\harshilkansagara\source\repos\Zomato\Zomato\Zomato.Repository.Test\bin\Debug\netcoreapp2.2\xunit.runner.visualstudio.dotnetcore.testadapter.dll</ModulePath>
      <ModuleTime>2018-07-16T22:48:28Z</ModuleTime>
      <ModuleName>xunit.runner.visualstudio.dotnetcore.testadapter</ModuleName>
      <Classes />
    </Module>
    <Module skippedDueTo="Filter" hash="">
      <ModulePath>RefEmit_InMemoryManifestModule</ModulePath>
      <ModuleTime>0001-01-01T00:00:00</ModuleTime>
      <ModuleName>DynamicProxyGenAssembly2</ModuleName>
      <Classes />
    </Module>
    <Module skippedDueTo="Filter" hash="">
      <ModulePath>RefEmit_InMemoryManifestModule</ModulePath>
      <ModuleTime>0001-01-01T00:00:00</ModuleTime>
      <ModuleName>DynamicProxyGenAssembly2</ModuleName>
      <Classes />
    </Module>
  </Modules>
</CoverageSession>